Log file open, 09/15/19 20:47:53
LogWindows: Failed to load 'aqProf.dll' (GetLastError=126)
LogWindows: File 'aqProf.dll' does not exist
LogWindows: Failed to load 'VtuneApi.dll' (GetLastError=126)
LogWindows: File 'VtuneApi.dll' does not exist
LogWindows: Failed to load 'VtuneApi32e.dll' (GetLastError=126)
LogWindows: File 'VtuneApi32e.dll' does not exist
LogConsoleResponse: Display: Failed to find resolution value strings in scalability ini. Falling back to default.
LogInit: Display: Running engine for game: WorldofLine
LogPlatformFile: Not using cached read wrapper
LogTaskGraph: Started task graph with 5 named threads and 14 total threads with 3 sets of task threads.
LogStats: Stats thread started at 0.113552
LogD3D11RHI: Loaded GFSDK_Aftermath_Lib.x64.dll
LogICUInternationalization: ICU TimeZone Detection - Raw Offset: +1:00, Platform Override: ''
LogPluginManager: Mounting plugin Paper2D
LogPluginManager: Mounting plugin AISupport
LogPluginManager: Mounting plugin LightPropagationVolume
LogPluginManager: Mounting plugin ActorLayerUtilities
LogPluginManager: Mounting plugin AnimationSharing
LogPluginManager: Mounting plugin CLionSourceCodeAccess
LogPluginManager: Mounting plugin CodeLiteSourceCodeAccess
LogPluginManager: Mounting plugin GitSourceControl
LogPluginManager: Mounting plugin KDevelopSourceCodeAccess
LogPluginManager: Mounting plugin NullSourceCodeAccess
LogPluginManager: Mounting plugin PerforceSourceControl
LogPluginManager: Mounting plugin SubversionSourceControl
LogPluginManager: Mounting plugin UObjectPlugin
LogPluginManager: Mounting plugin VisualStudioCodeSourceCodeAccess
LogPluginManager: Mounting plugin VisualStudioSourceCodeAccess
LogPluginManager: Mounting plugin XCodeSourceCodeAccess
LogPluginManager: Mounting plugin AssetManagerEditor
LogPluginManager: Mounting plugin CryptoKeys
LogPluginManager: Mounting plugin CurveEditorTools
LogPluginManager: Mounting plugin DataValidation
LogPluginManager: Mounting plugin FacialAnimation
LogPluginManager: Mounting plugin GameplayTagsEditor
LogPluginManager: Mounting plugin MacGraphicsSwitching
LogPluginManager: Mounting plugin MaterialAnalyzer
LogPluginManager: Mounting plugin MobileLauncherProfileWizard
LogPluginManager: Mounting plugin PluginBrowser
LogPluginManager: Mounting plugin SpeedTreeImporter
LogPluginManager: Mounting plugin DatasmithContent
LogPluginManager: Mounting plugin VariantManagerContent
LogPluginManager: Mounting plugin AlembicImporter
LogPluginManager: Mounting plugin AutomationUtils
LogPluginManager: Mounting plugin BackChannel
LogPluginManager: Mounting plugin CharacterAI
LogPluginManager: Mounting plugin GeometryCache
LogPluginManager: Mounting plugin HTML5Networking
LogPluginManager: Mounting plugin PlatformCrypto
LogPluginManager: Mounting plugin ProxyLODPlugin
LogPluginManager: Mounting plugin SkeletalReduction
LogPluginManager: Mounting plugin MagicLeap
LogPluginManager: Mounting plugin MagicLeapMedia
LogPluginManager: Mounting plugin AndroidMedia
LogPluginManager: Mounting plugin AvfMedia
LogPluginManager: Mounting plugin ImgMedia
LogPluginManager: Mounting plugin MediaCompositing
LogPluginManager: Mounting plugin MediaPlayerEditor
LogPluginManager: Mounting plugin WebMMedia
LogPluginManager: Mounting plugin WmfMedia
LogPluginManager: Mounting plugin TcpMessaging
LogPluginManager: Mounting plugin UdpMessaging
LogPluginManager: Mounting plugin ActorSequence
LogPluginManager: Mounting plugin LevelSequenceEditor
LogPluginManager: Mounting plugin MatineeToLevelSequence
LogPluginManager: Mounting plugin NetcodeUnitTest
LogPluginManager: Mounting plugin NUTUnrealEngine4
LogPluginManager: Mounting plugin OnlineSubsystemGooglePlay
LogPluginManager: Mounting plugin OnlineSubsystemIOS
LogPluginManager: Mounting plugin OnlineSubsystem
LogPluginManager: Mounting plugin OnlineSubsystemNull
LogPluginManager: Mounting plugin OnlineSubsystemUtils
LogPluginManager: Mounting plugin LauncherChunkInstaller
LogPluginManager: Mounting plugin AndroidDeviceProfileSelector
LogPluginManager: Mounting plugin AndroidMoviePlayer
LogPluginManager: Mounting plugin AndroidPermission
LogPluginManager: Mounting plugin AppleImageUtils
LogPluginManager: Mounting plugin AppleMoviePlayer
LogPluginManager: Mounting plugin ArchVisCharacter
LogPluginManager: Mounting plugin AudioCapture
LogPluginManager: Mounting plugin CableComponent
LogPluginManager: Mounting plugin CustomMeshComponent
LogPluginManager: Mounting plugin EditableMesh
LogPluginManager: Mounting plugin ExampleDeviceProfileSelector
LogPluginManager: Mounting plugin GoogleCloudMessaging
LogPluginManager: Mounting plugin IOSDeviceProfileSelector
LogPluginManager: Mounting plugin LinuxDeviceProfileSelector
LogPluginManager: Mounting plugin LocationServicesBPLibrary
LogPluginManager: Mounting plugin MobilePatchingUtils
LogPluginManager: Mounting plugin OculusVR
LogPluginManager: Mounting plugin PhysXVehicles
LogPluginManager: Mounting plugin ProceduralMeshComponent
LogPluginManager: Mounting plugin RuntimePhysXCooking
LogPluginManager: Mounting plugin SignificanceManager
LogPluginManager: Mounting plugin SteamVR
LogPluginManager: Mounting plugin WebMMoviePlayer
LogPluginManager: Mounting plugin WindowsMoviePlayer
LogPluginManager: Mounting plugin ScreenshotTools
LogInit: Using libcurl 7.55.1-DEV
LogInit:  - built for x86_64-pc-win32
LogInit:  - supports SSL with OpenSSL/1.1.1
LogInit:  - supports HTTP deflate (compression) using libz 1.2.8
LogInit:  - other features:
LogInit:      CURL_VERSION_SSL
LogInit:      CURL_VERSION_LIBZ
LogInit:      CURL_VERSION_IPV6
LogInit:      CURL_VERSION_ASYNCHDNS
LogInit:      CURL_VERSION_LARGEFILE
LogInit:      CURL_VERSION_IDN
LogInit:  CurlRequestOptions (configurable via config and command line):
LogInit:  - bVerifyPeer = true  - Libcurl will verify peer certificate
LogInit:  - bUseHttpProxy = false  - Libcurl will NOT use HTTP proxy
LogInit:  - bDontReuseConnections = false  - Libcurl will reuse connections
LogInit:  - MaxHostConnections = 16  - Libcurl will limit the number of connections to a host
LogInit:  - LocalHostAddr = Default
LogInit:  - BufferSize = 65536
LogOnline: OSS: Creating online subsystem instance for: NULL
LogInit: WinSock: version 1.1 (2.2), MaxSocks=32767, MaxUdp=65467
LogInit: Build: ++UE4+Release-4.23-CL-8386587
LogInit: Engine Version: 4.23.0-8386587+++UE4+Release-4.23
LogInit: Compatible Engine Version: 4.23.0-8386587+++UE4+Release-4.23
LogInit: Net CL: 8386587
LogInit: OS: Windows 10 (Release 1803) (), CPU: Intel(R) Core(TM) i5-7300HQ CPU @ 2.50GHz, GPU: Intel(R) HD Graphics 630
LogInit: Compiled (64-bit): Aug 31 2019 02:04:44
LogInit: Compiled with Visual C++: 19.16.27030.01
LogInit: Build Configuration: Development
LogInit: Branch Name: ++UE4+Release-4.23
LogInit: Command Line:  -EpicPortal -epicusername=yNixos -epicuserid=493fad722ccb4cae8e4f83af00cde8b5 -epiclocale=fr-FR
LogInit: Base Directory: C:/Program Files/Epic Games/UE_4.23/Engine/Binaries/Win64/
LogInit: Installed Engine Build: 1
LogDevObjectVersion: Number of dev versions registered: 23
LogDevObjectVersion:   Dev-Blueprints (B0D832E4-1F89-4F0D-ACCF-7EB736FD4AA2): 10
LogDevObjectVersion:   Dev-Build (E1C64328-A22C-4D53-A36C-8E866417BD8C): 0
LogDevObjectVersion:   Dev-Core (375EC13C-06E4-48FB-B500-84F0262A717E): 3
LogDevObjectVersion:   Dev-Editor (E4B068ED-F494-42E9-A231-DA0B2E46BB41): 34
LogDevObjectVersion:   Dev-Framework (CFFC743F-43B0-4480-9391-14DF171D2073): 35
LogDevObjectVersion:   Dev-Mobile (B02B49B5-BB20-44E9-A304-32B752E40360): 2
LogDevObjectVersion:   Dev-Networking (A4E4105C-59A1-49B5-A7C5-40C4547EDFEE): 0
LogDevObjectVersion:   Dev-Online (39C831C9-5AE6-47DC-9A44-9C173E1C8E7C): 0
LogDevObjectVersion:   Dev-Physics (78F01B33-EBEA-4F98-B9B4-84EACCB95AA2): 0
LogDevObjectVersion:   Dev-Platform (6631380F-2D4D-43E0-8009-CF276956A95A): 0
LogDevObjectVersion:   Dev-Rendering (12F88B9F-8875-4AFC-A67C-D90C383ABD29): 31
LogDevObjectVersion:   Dev-Sequencer (7B5AE74C-D270-4C10-A958-57980B212A5A): 11
LogDevObjectVersion:   Dev-VR (D7296918-1DD6-4BDD-9DE2-64A83CC13884): 2
LogDevObjectVersion:   Dev-LoadTimes (C2A15278-BFE7-4AFE-6C17-90FF531DF755): 1
LogDevObjectVersion:   Private-Geometry (6EACA3D4-40EC-4CC1-B786-8BED09428FC5): 3
LogDevObjectVersion:   Dev-AnimPhys (29E575DD-E0A3-4627-9D10-D276232CDCEA): 17
LogDevObjectVersion:   Dev-Anim (AF43A65D-7FD3-4947-9873-3E8ED9C1BB05): 2
LogDevObjectVersion:   Dev-ReflectionCapture (6B266CEC-1EC7-4B8F-A30B-E4D90942FC07): 1
LogDevObjectVersion:   Dev-Automation (0DF73D61-A23F-47EA-B727-89E90C41499A): 1
LogDevObjectVersion:   FortniteMain (601D1886-AC64-4F84-AA16-D3DE0DEAC7D6): 27
LogDevObjectVersion:   Dev-Enterprise (9DFFBCD6-494F-0158-E221-12823C92A888): 6
LogDevObjectVersion:   Dev-Niagara (F2AED0AC-9AFE-416F-8664-AA7FFA26D6FC): 1
LogDevObjectVersion:   Dev-Destruction (174F1F0B-B4C6-45A5-B13F-2EE8D0FB917D): 9
LogInit: Presizing for max 16777216 objects, including 0 objects not considered by GC, pre-allocating 0 bytes for permanent pool.
LogInit: Object subsystem initialized
LogConfig: Setting CVar [[con.DebugEarlyDefault:1]]
LogConfig: Setting CVar [[r.setres:1280x720]]
[2019.09.15-18.47.53:827][  0]LogConfig: Setting CVar [[r.VSync:0]]
[2019.09.15-18.47.53:828][  0]LogConfig: Setting CVar [[r.RHICmdBypass:0]]
[2019.09.15-18.47.53:828][  0]LogConfig: Applying CVar settings from Section [/Script/Engine.RendererSettings] File [C:/Users/nico5/OneDrive/Documents/Unreal Projects/WorldofLine/Saved/Config/Windows/Engine.ini]
[2019.09.15-18.47.53:828][  0]LogConfig: Setting CVar [[r.GPUCrashDebugging:0]]
[2019.09.15-18.47.53:828][  0]LogConfig: Applying CVar settings from Section [/Script/Engine.RendererOverrideSettings] File [C:/Users/nico5/OneDrive/Documents/Unreal Projects/WorldofLine/Saved/Config/Windows/Engine.ini]
[2019.09.15-18.47.53:828][  0]LogConfig: Applying CVar settings from Section [/Script/Engine.StreamingSettings] File [C:/Users/nico5/OneDrive/Documents/Unreal Projects/WorldofLine/Saved/Config/Windows/Engine.ini]
[2019.09.15-18.47.53:828][  0]LogConfig: Setting CVar [[s.MinBulkDataSizeForAsyncLoading:131072]]
[2019.09.15-18.47.53:828][  0]LogConfig: Setting CVar [[s.AsyncLoadingThreadEnabled:0]]
[2019.09.15-18.47.53:828][  0]LogConfig: Setting CVar [[s.EventDrivenLoaderEnabled:1]]
[2019.09.15-18.47.53:828][  0]LogConfig: Setting CVar [[s.WarnIfTimeLimitExceeded:0]]
[2019.09.15-18.47.53:828][  0]LogConfig: Setting CVar [[s.TimeLimitExceededMultiplier:1.5]]
[2019.09.15-18.47.53:828][  0]LogConfig: Setting CVar [[s.TimeLimitExceededMinTime:0.005]]
[2019.09.15-18.47.53:828][  0]LogConfig: Setting CVar [[s.UseBackgroundLevelStreaming:1]]
[2019.09.15-18.47.53:828][  0]LogConfig: Setting CVar [[s.PriorityAsyncLoadingExtraTime:15.0]]
[2019.09.15-18.47.53:828][  0]LogConfig: Setting CVar [[s.LevelStreamingActorsUpdateTimeLimit:5.0]]
[2019.09.15-18.47.53:828][  0]LogConfig: Setting CVar [[s.PriorityLevelStreamingActorsUpdateExtraTime:5.0]]
[2019.09.15-18.47.53:828][  0]LogConfig: Setting CVar [[s.LevelStreamingComponentsRegistrationGranularity:10]]
[2019.09.15-18.47.53:828][  0]LogConfig: Setting CVar [[s.UnregisterComponentsTimeLimit:1.0]]
[2019.09.15-18.47.53:828][  0]LogConfig: Setting CVar [[s.LevelStreamingComponentsUnregistrationGranularity:5]]
[2019.09.15-18.47.53:828][  0]LogConfig: Applying CVar settings from Section [/Script/Engine.GarbageCollectionSettings] File [C:/Users/nico5/OneDrive/Documents/Unreal Projects/WorldofLine/Saved/Config/Windows/Engine.ini]
[2019.09.15-18.47.53:828][  0]LogConfig: Setting CVar [[gc.MaxObjectsNotConsideredByGC:1]]
[2019.09.15-18.47.53:828][  0]LogConfig: Setting CVar [[gc.SizeOfPermanentObjectPool:0]]
[2019.09.15-18.47.53:828][  0]LogConfig: Setting CVar [[gc.FlushStreamingOnGC:0]]
[2019.09.15-18.47.53:828][  0]LogConfig: Setting CVar [[gc.NumRetriesBeforeForcingGC:10]]
[2019.09.15-18.47.53:828][  0]LogConfig: Setting CVar [[gc.AllowParallelGC:1]]
[2019.09.15-18.47.53:828][  0]LogConfig: Setting CVar [[gc.TimeBetweenPurgingPendingKillObjects:61.1]]
[2019.09.15-18.47.53:828][  0]LogConfig: Setting CVar [[gc.MaxObjectsInEditor:16777216]]
[2019.09.15-18.47.53:828][  0]LogConfig: Setting CVar [[gc.IncrementalBeginDestroyEnabled:1]]
[2019.09.15-18.47.53:828][  0]LogConfig: Setting CVar [[gc.CreateGCClusters:1]]
[2019.09.15-18.47.53:828][  0]LogConfig: Setting CVar [[gc.MinGCClusterSize:5]]
[2019.09.15-18.47.53:828][  0]LogConfig: Setting CVar [[gc.ActorClusteringEnabled:0]]
[2019.09.15-18.47.53:828][  0]LogConfig: Setting CVar [[gc.BlueprintClusteringEnabled:0]]
[2019.09.15-18.47.53:828][  0]LogConfig: Setting CVar [[gc.UseDisregardForGCOnDedicatedServers:0]]
[2019.09.15-18.47.53:828][  0]LogConfig: Applying CVar settings from Section [/Script/Engine.NetworkSettings] File [C:/Users/nico5/OneDrive/Documents/Unreal Projects/WorldofLine/Saved/Config/Windows/Engine.ini]
[2019.09.15-18.47.53:828][  0]LogConfig: Applying CVar settings from Section [/Script/UnrealEd.CookerSettings] File [C:/Users/nico5/OneDrive/Documents/Unreal Projects/WorldofLine/Saved/Config/Windows/Engine.ini]
[2019.09.15-18.47.53:834][  0]LogConfig: Applying CVar settings from Section [ViewDistanceQuality@3] File [C:/Users/nico5/OneDrive/Documents/Unreal Projects/WorldofLine/Saved/Config/Windows/Scalability.ini]
[2019.09.15-18.47.53:834][  0]LogConfig: Setting CVar [[r.SkeletalMeshLODBias:0]]
[2019.09.15-18.47.53:834][  0]LogConfig: Setting CVar [[r.ViewDistanceScale:1.0]]
[2019.09.15-18.47.53:834][  0]LogConfig: Applying CVar settings from Section [AntiAliasingQuality@3] File [C:/Users/nico5/OneDrive/Documents/Unreal Projects/WorldofLine/Saved/Config/Windows/Scalability.ini]
[2019.09.15-18.47.53:835][  0]LogConfig: Setting CVar [[r.PostProcessAAQuality:4]]
[2019.09.15-18.47.53:835][  0]LogConfig: Applying CVar settings from Section [ShadowQuality@3] File [C:/Users/nico5/OneDrive/Documents/Unreal Projects/WorldofLine/Saved/Config/Windows/Scalability.ini]
[2019.09.15-18.47.53:835][  0]LogConfig: Setting CVar [[r.LightFunctionQuality:1]]
[2019.09.15-18.47.53:835][  0]LogConfig: Setting CVar [[r.ShadowQuality:5]]
[2019.09.15-18.47.53:835][  0]LogConfig: Setting CVar [[r.Shadow.CSM.MaxCascades:10]]
[2019.09.15-18.47.53:835][  0]LogConfig: Setting CVar [[r.Shadow.MaxResolution:2048]]
[2019.09.15-18.47.53:835][  0]LogConfig: Setting CVar [[r.Shadow.MaxCSMResolution:2048]]
[2019.09.15-18.47.53:835][  0]LogConfig: Setting CVar [[r.Shadow.RadiusThreshold:0.01]]
[2019.09.15-18.47.53:835][  0]LogConfig: Setting CVar [[r.Shadow.DistanceScale:1.0]]
[2019.09.15-18.47.53:835][  0]LogConfig: Setting CVar [[r.Shadow.CSM.TransitionScale:1.0]]
[2019.09.15-18.47.53:835][  0]LogConfig: Setting CVar [[r.Shadow.PreShadowResolutionFactor:1.0]]
[2019.09.15-18.47.53:835][  0]LogConfig: Setting CVar [[r.DistanceFieldShadowing:1]]
[2019.09.15-18.47.53:835][  0]LogConfig: Setting CVar [[r.DistanceFieldAO:1]]
[2019.09.15-18.47.53:835][  0]LogConfig: Setting CVar [[r.AOQuality:2]]
[2019.09.15-18.47.53:835][  0]LogConfig: Setting CVar [[r.VolumetricFog:1]]
[2019.09.15-18.47.53:835][  0]LogConfig: Setting CVar [[r.VolumetricFog.GridPixelSize:8]]
[2019.09.15-18.47.53:835][  0]LogConfig: Setting CVar [[r.VolumetricFog.GridSizeZ:128]]
[2019.09.15-18.47.53:835][  0]LogConfig: Setting CVar [[r.VolumetricFog.HistoryMissSupersampleCount:4]]
[2019.09.15-18.47.53:835][  0]LogConfig: Setting CVar [[r.LightMaxDrawDistanceScale:1]]
[2019.09.15-18.47.53:835][  0]LogConfig: Setting CVar [[r.CapsuleShadows:1]]
[2019.09.15-18.47.53:835][  0]LogConfig: Applying CVar settings from Section [PostProcessQuality@3] File [C:/Users/nico5/OneDrive/Documents/Unreal Projects/WorldofLine/Saved/Config/Windows/Scalability.ini]
[2019.09.15-18.47.53:835][  0]LogConfig: Setting CVar [[r.MotionBlurQuality:4]]
[2019.09.15-18.47.53:835][  0]LogConfig: Setting CVar [[r.AmbientOcclusionMipLevelFactor:0.4]]
[2019.09.15-18.47.53:835][  0]LogConfig: Setting CVar [[r.AmbientOcclusionMaxQuality:100]]
[2019.09.15-18.47.53:835][  0]LogConfig: Setting CVar [[r.AmbientOcclusionLevels:-1]]
[2019.09.15-18.47.53:835][  0]LogConfig: Setting CVar [[r.AmbientOcclusionRadiusScale:1.0]]
[2019.09.15-18.47.53:835][  0]LogConfig: Setting CVar [[r.DepthOfFieldQuality:2]]
[2019.09.15-18.47.53:835][  0]LogConfig: Setting CVar [[r.RenderTargetPoolMin:400]]
[2019.09.15-18.47.53:835][  0]LogConfig: Setting CVar [[r.LensFlareQuality:2]]
[2019.09.15-18.47.53:835][  0]LogConfig: Setting CVar [[r.SceneColorFringeQuality:1]]
[2019.09.15-18.47.53:835][  0]LogConfig: Setting CVar [[r.EyeAdaptationQuality:2]]
[2019.09.15-18.47.53:835][  0]LogConfig: Setting CVar [[r.BloomQuality:5]]
[2019.09.15-18.47.53:835][  0]LogConfig: Setting CVar [[r.FastBlurThreshold:100]]
[2019.09.15-18.47.53:835][  0]LogConfig: Setting CVar [[r.Upscale.Quality:3]]
[2019.09.15-18.47.53:835][  0]LogConfig: Setting CVar [[r.Tonemapper.GrainQuantization:1]]
[2019.09.15-18.47.53:835][  0]LogConfig: Setting CVar [[r.LightShaftQuality:1]]
[2019.09.15-18.47.53:835][  0]LogConfig: Setting CVar [[r.Filter.SizeScale:1]]
[2019.09.15-18.47.53:835][  0]LogConfig: Setting CVar [[r.Tonemapper.Quality:5]]
[2019.09.15-18.47.53:835][  0]LogConfig: Setting CVar [[r.DOF.Gather.AccumulatorQuality:1        ; higher gathering accumulator quality]]
[2019.09.15-18.47.53:835][  0]LogConfig: Setting CVar [[r.DOF.Gather.PostfilterMethod:1          ; Median3x3 postfilering method]]
[2019.09.15-18.47.53:835][  0]LogConfig: Setting CVar [[r.DOF.Gather.EnableBokehSettings:0       ; no bokeh simulation when gathering]]
[2019.09.15-18.47.53:835][  0]LogConfig: Setting CVar [[r.DOF.Gather.RingCount:4                 ; medium number of samples when gathering]]
[2019.09.15-18.47.53:835][  0]LogConfig: Setting CVar [[r.DOF.Scatter.ForegroundCompositing:1    ; additive foreground scattering]]
[2019.09.15-18.47.53:835][  0]LogConfig: Setting CVar [[r.DOF.Scatter.BackgroundCompositing:2    ; additive background scattering]]
[2019.09.15-18.47.53:835][  0]LogConfig: Setting CVar [[r.DOF.Scatter.EnableBokehSettings:1      ; bokeh simulation when scattering]]
[2019.09.15-18.47.53:835][  0]LogConfig: Setting CVar [[r.DOF.Scatter.MaxSpriteRatio:0.1         ; only a maximum of 10% of scattered bokeh]]
[2019.09.15-18.47.53:835][  0]LogConfig: Setting CVar [[r.DOF.Recombine.Quality:1                ; cheap slight out of focus]]
[2019.09.15-18.47.53:835][  0]LogConfig: Setting CVar [[r.DOF.Recombine.EnableBokehSettings:0    ; no bokeh simulation on slight out of focus]]
[2019.09.15-18.47.53:835][  0]LogConfig: Setting CVar [[r.DOF.TemporalAAQuality:1                ; more stable temporal accumulation]]
[2019.09.15-18.47.53:835][  0]LogConfig: Setting CVar [[r.DOF.Kernel.MaxForegroundRadius:0.025]]
[2019.09.15-18.47.53:835][  0]LogConfig: Setting CVar [[r.DOF.Kernel.MaxBackgroundRadius:0.025]]
[2019.09.15-18.47.53:835][  0]LogConfig: Applying CVar settings from Section [TextureQuality@3] File [C:/Users/nico5/OneDrive/Documents/Unreal Projects/WorldofLine/Saved/Config/Windows/Scalability.ini]
[2019.09.15-18.47.53:835][  0]LogConfig: Setting CVar [[r.Streaming.MipBias:0]]
[2019.09.15-18.47.53:835][  0]LogConfig: Setting CVar [[r.Streaming.AmortizeCPUToGPUCopy:0]]
[2019.09.15-18.47.53:835][  0]LogConfig: Setting CVar [[r.Streaming.MaxNumTexturesToStreamPerFrame:0]]
[2019.09.15-18.47.53:835][  0]LogConfig: Setting CVar [[r.Streaming.Boost:1]]
[2019.09.15-18.47.53:835][  0]LogConfig: Setting CVar [[r.MaxAnisotropy:8]]
[2019.09.15-18.47.53:835][  0]LogConfig: Setting CVar [[r.Streaming.LimitPoolSizeToVRAM:0]]
[2019.09.15-18.47.53:835][  0]LogConfig: Setting CVar [[r.Streaming.PoolSize:1000]]
[2019.09.15-18.47.53:835][  0]LogConfig: Setting CVar [[r.Streaming.MaxEffectiveScreenSize:0]]
[2019.09.15-18.47.53:835][  0]LogConfig: Applying CVar settings from Section [EffectsQuality@3] File [C:/Users/nico5/OneDrive/Documents/Unreal Projects/WorldofLine/Saved/Config/Windows/Scalability.ini]
[2019.09.15-18.47.53:835][  0]LogConfig: Setting CVar [[r.TranslucencyLightingVolumeDim:64]]
[2019.09.15-18.47.53:835][  0]LogConfig: Setting CVar [[r.RefractionQuality:2]]
[2019.09.15-18.47.53:835][  0]LogConfig: Setting CVar [[r.SSR.Quality:3]]
[2019.09.15-18.47.53:835][  0]LogConfig: Setting CVar [[r.SceneColorFormat:4]]
[2019.09.15-18.47.53:835][  0]LogConfig: Setting CVar [[r.DetailMode:2]]
[2019.09.15-18.47.53:835][  0]LogConfig: Setting CVar [[r.TranslucencyVolumeBlur:1]]
[2019.09.15-18.47.53:835][  0]LogConfig: Setting CVar [[r.MaterialQualityLevel:1 ; High quality]]
[2019.09.15-18.47.53:835][  0]LogConfig: Setting CVar [[r.SSS.Scale:1]]
[2019.09.15-18.47.53:836][  0]LogConfig: Setting CVar [[r.SSS.SampleSet:2]]
[2019.09.15-18.47.53:836][  0]LogConfig: Setting CVar [[r.SSS.Quality:1]]
[2019.09.15-18.47.53:836][  0]LogConfig: Setting CVar [[r.SSS.HalfRes:1]]
[2019.09.15-18.47.53:836][  0]LogConfig: Setting CVar [[r.EmitterSpawnRateScale:1.0]]
[2019.09.15-18.47.53:836][  0]LogConfig: Setting CVar [[r.ParticleLightQuality:2]]
[2019.09.15-18.47.53:836][  0]LogConfig: Applying CVar settings from Section [FoliageQuality@3] File [C:/Users/nico5/OneDrive/Documents/Unreal Projects/WorldofLine/Saved/Config/Windows/Scalability.ini]
[2019.09.15-18.47.53:836][  0]LogConfig: Setting CVar [[foliage.DensityScale:1.0]]
[2019.09.15-18.47.53:836][  0]LogConfig: Setting CVar [[grass.DensityScale:1.0]]
[2019.09.15-18.47.53:836][  0]LogInit: Selected Device Profile: [Windows]
[2019.09.15-18.47.53:836][  0]LogInit: Applying CVar settings loaded from the selected device profile: [Windows]
[2019.09.15-18.47.53:839][  0]LogHAL: Display: Platform has ~ 8 GB [8467877888 / 8589934592 / 8], which maps to Default [LargestMinGB=32, LargerMinGB=12, DefaultMinGB=8, SmallerMinGB=6, SmallestMinGB=0)
[2019.09.15-18.47.53:839][  0]LogInit: Going up to parent DeviceProfile []
[2019.09.15-18.47.53:839][  0]LogConfig: Applying CVar settings from Section [ViewDistanceQuality@3] File [C:/Users/nico5/OneDrive/Documents/Unreal Projects/WorldofLine/Saved/Config/Windows/Scalability.ini]
[2019.09.15-18.47.53:839][  0]LogConfig: Setting CVar [[r.SkeletalMeshLODBias:0]]
[2019.09.15-18.47.53:839][  0]LogConfig: Setting CVar [[r.ViewDistanceScale:1.0]]
[2019.09.15-18.47.53:839][  0]LogConfig: Applying CVar settings from Section [AntiAliasingQuality@3] File [C:/Users/nico5/OneDrive/Documents/Unreal Projects/WorldofLine/Saved/Config/Windows/Scalability.ini]
[2019.09.15-18.47.53:839][  0]LogConfig: Setting CVar [[r.PostProcessAAQuality:4]]
[2019.09.15-18.47.53:839][  0]LogConfig: Applying CVar settings from Section [ShadowQuality@3] File [C:/Users/nico5/OneDrive/Documents/Unreal Projects/WorldofLine/Saved/Config/Windows/Scalability.ini]
[2019.09.15-18.47.53:839][  0]LogConfig: Setting CVar [[r.LightFunctionQuality:1]]
[2019.09.15-18.47.53:839][  0]LogConfig: Setting CVar [[r.ShadowQuality:5]]
[2019.09.15-18.47.53:839][  0]LogConfig: Setting CVar [[r.Shadow.CSM.MaxCascades:10]]
[2019.09.15-18.47.53:839][  0]LogConfig: Setting CVar [[r.Shadow.MaxResolution:2048]]
[2019.09.15-18.47.53:839][  0]LogConfig: Setting CVar [[r.Shadow.MaxCSMResolution:2048]]
[2019.09.15-18.47.53:839][  0]LogConfig: Setting CVar [[r.Shadow.RadiusThreshold:0.01]]
[2019.09.15-18.47.53:840][  0]LogConfig: Setting CVar [[r.Shadow.DistanceScale:1.0]]
[2019.09.15-18.47.53:840][  0]LogConfig: Setting CVar [[r.Shadow.CSM.TransitionScale:1.0]]
[2019.09.15-18.47.53:840][  0]LogConfig: Setting CVar [[r.Shadow.PreShadowResolutionFactor:1.0]]
[2019.09.15-18.47.53:840][  0]LogConfig: Setting CVar [[r.DistanceFieldShadowing:1]]
[2019.09.15-18.47.53:840][  0]LogConfig: Setting CVar [[r.DistanceFieldAO:1]]
[2019.09.15-18.47.53:840][  0]LogConfig: Setting CVar [[r.AOQuality:2]]
[2019.09.15-18.47.53:840][  0]LogConfig: Setting CVar [[r.VolumetricFog:1]]
[2019.09.15-18.47.53:840][  0]LogConfig: Setting CVar [[r.VolumetricFog.GridPixelSize:8]]
[2019.09.15-18.47.53:840][  0]LogConfig: Setting CVar [[r.VolumetricFog.GridSizeZ:128]]
[2019.09.15-18.47.53:840][  0]LogConfig: Setting CVar [[r.VolumetricFog.HistoryMissSupersampleCount:4]]
[2019.09.15-18.47.53:840][  0]LogConfig: Setting CVar [[r.LightMaxDrawDistanceScale:1]]
[2019.09.15-18.47.53:840][  0]LogConfig: Setting CVar [[r.CapsuleShadows:1]]
[2019.09.15-18.47.53:840][  0]LogConfig: Applying CVar settings from Section [PostProcessQuality@3] File [C:/Users/nico5/OneDrive/Documents/Unreal Projects/WorldofLine/Saved/Config/Windows/Scalability.ini]
[2019.09.15-18.47.53:840][  0]LogConfig: Setting CVar [[r.MotionBlurQuality:4]]
[2019.09.15-18.47.53:840][  0]LogConfig: Setting CVar [[r.AmbientOcclusionMipLevelFactor:0.4]]
[2019.09.15-18.47.53:840][  0]LogConfig: Setting CVar [[r.AmbientOcclusionMaxQuality:100]]
[2019.09.15-18.47.53:840][  0]LogConfig: Setting CVar [[r.AmbientOcclusionLevels:-1]]
[2019.09.15-18.47.53:840][  0]LogConfig: Setting CVar [[r.AmbientOcclusionRadiusScale:1.0]]
[2019.09.15-18.47.53:840][  0]LogConfig: Setting CVar [[r.DepthOfFieldQuality:2]]
[2019.09.15-18.47.53:840][  0]LogConfig: Setting CVar [[r.RenderTargetPoolMin:400]]
[2019.09.15-18.47.53:840][  0]LogConfig: Setting CVar [[r.LensFlareQuality:2]]
[2019.09.15-18.47.53:840][  0]LogConfig: Setting CVar [[r.SceneColorFringeQuality:1]]
[2019.09.15-18.47.53:840][  0]LogConfig: Setting CVar [[r.EyeAdaptationQuality:2]]
[2019.09.15-18.47.53:840][  0]LogConfig: Setting CVar [[r.BloomQuality:5]]
[2019.09.15-18.47.53:840][  0]LogConfig: Setting CVar [[r.FastBlurThreshold:100]]
[2019.09.15-18.47.53:840][  0]LogConfig: Setting CVar [[r.Upscale.Quality:3]]
[2019.09.15-18.47.53:840][  0]LogConfig: Setting CVar [[r.Tonemapper.GrainQuantization:1]]
[2019.09.15-18.47.53:840][  0]LogConfig: Setting CVar [[r.LightShaftQuality:1]]
[2019.09.15-18.47.53:840][  0]LogConfig: Setting CVar [[r.Filter.SizeScale:1]]
[2019.09.15-18.47.53:840][  0]LogConfig: Setting CVar [[r.Tonemapper.Quality:5]]
[2019.09.15-18.47.53:840][  0]LogConfig: Setting CVar [[r.DOF.Gather.AccumulatorQuality:1        ; higher gathering accumulator quality]]
[2019.09.15-18.47.53:840][  0]LogConfig: Setting CVar [[r.DOF.Gather.PostfilterMethod:1          ; Median3x3 postfilering method]]
[2019.09.15-18.47.53:840][  0]LogConfig: Setting CVar [[r.DOF.Gather.EnableBokehSettings:0       ; no bokeh simulation when gathering]]
[2019.09.15-18.47.53:840][  0]LogConfig: Setting CVar [[r.DOF.Gather.RingCount:4                 ; medium number of samples when gathering]]
[2019.09.15-18.47.53:840][  0]LogConfig: Setting CVar [[r.DOF.Scatter.ForegroundCompositing:1    ; additive foreground scattering]]
[2019.09.15-18.47.53:840][  0]LogConfig: Setting CVar [[r.DOF.Scatter.BackgroundCompositing:2    ; additive background scattering]]
[2019.09.15-18.47.53:840][  0]LogConfig: Setting CVar [[r.DOF.Scatter.EnableBokehSettings:1      ; bokeh simulation when scattering]]
[2019.09.15-18.47.53:840][  0]LogConfig: Setting CVar [[r.DOF.Scatter.MaxSpriteRatio:0.1         ; only a maximum of 10% of scattered bokeh]]
[2019.09.15-18.47.53:840][  0]LogConfig: Setting CVar [[r.DOF.Recombine.Quality:1                ; cheap slight out of focus]]
[2019.09.15-18.47.53:840][  0]LogConfig: Setting CVar [[r.DOF.Recombine.EnableBokehSettings:0    ; no bokeh simulation on slight out of focus]]
[2019.09.15-18.47.53:840][  0]LogConfig: Setting CVar [[r.DOF.TemporalAAQuality:1                ; more stable temporal accumulation]]
[2019.09.15-18.47.53:840][  0]LogConfig: Setting CVar [[r.DOF.Kernel.MaxForegroundRadius:0.025]]
[2019.09.15-18.47.53:840][  0]LogConfig: Setting CVar [[r.DOF.Kernel.MaxBackgroundRadius:0.025]]
[2019.09.15-18.47.53:840][  0]LogConfig: Applying CVar settings from Section [TextureQuality@3] File [C:/Users/nico5/OneDrive/Documents/Unreal Projects/WorldofLine/Saved/Config/Windows/Scalability.ini]
[2019.09.15-18.47.53:840][  0]LogConfig: Setting CVar [[r.Streaming.MipBias:0]]
[2019.09.15-18.47.53:840][  0]LogConfig: Setting CVar [[r.Streaming.AmortizeCPUToGPUCopy:0]]
[2019.09.15-18.47.53:840][  0]LogConfig: Setting CVar [[r.Streaming.MaxNumTexturesToStreamPerFrame:0]]
[2019.09.15-18.47.53:840][  0]LogConfig: Setting CVar [[r.Streaming.Boost:1]]
[2019.09.15-18.47.53:840][  0]LogConfig: Setting CVar [[r.MaxAnisotropy:8]]
[2019.09.15-18.47.53:840][  0]LogConfig: Setting CVar [[r.Streaming.LimitPoolSizeToVRAM:0]]
[2019.09.15-18.47.53:840][  0]LogConfig: Setting CVar [[r.Streaming.PoolSize:1000]]
[2019.09.15-18.47.53:840][  0]LogConfig: Setting CVar [[r.Streaming.MaxEffectiveScreenSize:0]]
[2019.09.15-18.47.53:840][  0]LogConfig: Applying CVar settings from Section [EffectsQuality@3] File [C:/Users/nico5/OneDrive/Documents/Unreal Projects/WorldofLine/Saved/Config/Windows/Scalability.ini]
[2019.09.15-18.47.53:840][  0]LogConfig: Setting CVar [[r.TranslucencyLightingVolumeDim:64]]
[2019.09.15-18.47.53:840][  0]LogConfig: Setting CVar [[r.RefractionQuality:2]]
[2019.09.15-18.47.53:840][  0]LogConfig: Setting CVar [[r.SSR.Quality:3]]
[2019.09.15-18.47.53:840][  0]LogConfig: Setting CVar [[r.SceneColorFormat:4]]
[2019.09.15-18.47.53:840][  0]LogConfig: Setting CVar [[r.DetailMode:2]]
[2019.09.15-18.47.53:840][  0]LogConfig: Setting CVar [[r.TranslucencyVolumeBlur:1]]
[2019.09.15-18.47.53:840][  0]LogConfig: Setting CVar [[r.MaterialQualityLevel:1 ; High quality]]
[2019.09.15-18.47.53:840][  0]LogConfig: Setting CVar [[r.SSS.Scale:1]]
[2019.09.15-18.47.53:840][  0]LogConfig: Setting CVar [[r.SSS.SampleSet:2]]
[2019.09.15-18.47.53:840][  0]LogConfig: Setting CVar [[r.SSS.Quality:1]]
[2019.09.15-18.47.53:840][  0]LogConfig: Setting CVar [[r.SSS.HalfRes:1]]
[2019.09.15-18.47.53:840][  0]LogConfig: Setting CVar [[r.EmitterSpawnRateScale:1.0]]
[2019.09.15-18.47.53:840][  0]LogConfig: Setting CVar [[r.ParticleLightQuality:2]]
[2019.09.15-18.47.53:840][  0]LogConfig: Applying CVar settings from Section [FoliageQuality@3] File [C:/Users/nico5/OneDrive/Documents/Unreal Projects/WorldofLine/Saved/Config/Windows/Scalability.ini]
[2019.09.15-18.47.53:840][  0]LogConfig: Setting CVar [[foliage.DensityScale:1.0]]
[2019.09.15-18.47.53:840][  0]LogConfig: Setting CVar [[grass.DensityScale:1.0]]
[2019.09.15-18.47.53:840][  0]LogConfig: Applying CVar settings from Section [Startup] File [../../../Engine/Config/ConsoleVariables.ini]
[2019.09.15-18.47.53:841][  0]LogConfig: Setting CVar [[net.UseAdaptiveNetUpdateFrequency:0]]
[2019.09.15-18.47.53:841][  0]LogConfig: Setting CVar [[p.chaos.AllowCreatePhysxBodies:1]]
[2019.09.15-18.47.53:841][  0]LogConfig: Applying CVar settings from Section [ConsoleVariables] File [C:/Users/nico5/OneDrive/Documents/Unreal Projects/WorldofLine/Saved/Config/Windows/Engine.ini]
[2019.09.15-18.47.53:841][  0]LogInit: Computer: LAPTOP-3EL6PBET
[2019.09.15-18.47.53:841][  0]LogInit: User: nico5
[2019.09.15-18.47.53:841][  0]LogInit: CPU Page size=4096, Cores=4
[2019.09.15-18.47.53:841][  0]LogInit: High frequency timer resolution =2.437498 MHz
[2019.09.15-18.47.53:841][  0]LogMemory: Memory total: Physical=7.9GB (8GB approx)
[2019.09.15-18.47.53:841][  0]LogMemory: Platform Memory Stats for Windows
[2019.09.15-18.47.53:841][  0]LogMemory: Process Physical Memory: 99.55 MB used, 99.55 MB peak
[2019.09.15-18.47.53:841][  0]LogMemory: Process Virtual Memory: 87.86 MB used, 87.86 MB peak
[2019.09.15-18.47.53:841][  0]LogMemory: Physical Memory: 6299.44 MB used,  1776.16 MB free, 8075.60 MB total
[2019.09.15-18.47.53:841][  0]LogMemory: Virtual Memory: 4641.12 MB used,  134213088.00 MB free, 134217728.00 MB total
[2019.09.15-18.47.53:846][  0]LogWindows: WindowsPlatformFeatures enabled
[2019.09.15-18.47.53:894][  0]LogInit: Using OS detected language (fr-FR).
[2019.09.15-18.47.53:894][  0]LogInit: Using OS detected locale (fr-FR).
[2019.09.15-18.47.53:895][  0]LogTextLocalizationManager: No specific localization for 'fr-FR' exists, so the 'fr' localization will be used.
[2019.09.15-18.47.53:896][  0]LogTextLocalizationResource: LocRes '../../../Engine/Content/Localization/Editor/fr/Editor.locres' could not be opened for reading!
[2019.09.15-18.47.53:896][  0]LogTextLocalizationResource: LocRes '../../../Engine/Content/Localization/EditorTutorials/fr/EditorTutorials.locres' could not be opened for reading!
[2019.09.15-18.47.53:896][  0]LogTextLocalizationResource: LocRes '../../../Engine/Content/Localization/Keywords/fr/Keywords.locres' could not be opened for reading!
[2019.09.15-18.47.53:896][  0]LogTextLocalizationResource: LocRes '../../../Engine/Content/Localization/Category/fr/Category.locres' could not be opened for reading!
[2019.09.15-18.47.53:897][  0]LogTextLocalizationResource: LocRes '../../../Engine/Content/Localization/ToolTips/fr/ToolTips.locres' could not be opened for reading!
[2019.09.15-18.47.53:897][  0]LogTextLocalizationResource: LocRes '../../../Engine/Content/Localization/PropertyNames/fr/PropertyNames.locres' could not be opened for reading!
[2019.09.15-18.47.53:897][  0]LogTextLocalizationResource: LocRes '../../../Engine/Content/Localization/Engine/fr/Engine.locres' could not be opened for reading!
[2019.09.15-18.47.53:898][  0]LogInit: Setting process to per monitor DPI aware
[2019.09.15-18.47.53:974][  0]LogSlate: New Slate User Created.  User Index 0, Is Virtual User: 0
[2019.09.15-18.47.53:974][  0]LogSlate: Slate User Registered.  User Index 0, Is Virtual User: 0
[2019.09.15-18.47.54:212][  0]LogHMD: Failed to initialize OpenVR with code 110
[2019.09.15-18.47.54:212][  0]LogD3D11RHI: D3D11 adapters:
[2019.09.15-18.47.54:305][  0]LogD3D11RHI:    0. 'NVIDIA GeForce GTX 1050' (Feature Level 11_0)
[2019.09.15-18.47.54:305][  0]LogD3D11RHI:       1977/0/4037 MB DedicatedVideo/DedicatedSystem/SharedSystem, Outputs:1, VendorId:0x10de
[2019.09.15-18.47.54:318][  0]LogD3D11RHI:    1. 'Intel(R) HD Graphics 630' (Feature Level 11_0)
[2019.09.15-18.47.54:318][  0]LogD3D11RHI:       128/0/4037 MB DedicatedVideo/DedicatedSystem/SharedSystem, Outputs:1, VendorId:0x8086
[2019.09.15-18.47.54:322][  0]LogD3D11RHI:    2. 'Microsoft Basic Render Driver' (Feature Level 11_0)
[2019.09.15-18.47.54:322][  0]LogD3D11RHI:       0/0/4037 MB DedicatedVideo/DedicatedSystem/SharedSystem, Outputs:0, VendorId:0x1414
[2019.09.15-18.47.54:322][  0]LogD3D11RHI: Chosen D3D11 Adapter: 0
[2019.09.15-18.47.54:371][  0]LogD3D11RHI: Creating new Direct3DDevice
[2019.09.15-18.47.54:371][  0]LogD3D11RHI:     GPU DeviceId: 0x1c8d (for the marketing name, search the web for "GPU Device Id")
[2019.09.15-18.47.54:371][  0]LogWindows: EnumDisplayDevices:
[2019.09.15-18.47.54:371][  0]LogWindows:    0. 'Intel(R) HD Graphics 630' (P:0 D:1)
[2019.09.15-18.47.54:372][  0]LogWindows:    1. 'Intel(R) HD Graphics 630' (P:0 D:0)
[2019.09.15-18.47.54:372][  0]LogWindows:    2. 'Intel(R) HD Graphics 630' (P:0 D:0)
[2019.09.15-18.47.54:373][  0]LogWindows:    3. 'NVIDIA GeForce GTX 1050' (P:1 D:1)
[2019.09.15-18.47.54:373][  0]LogWindows: DebugString: PrimaryIsNotTheChoosenAdapter PrimaryIsNotTheChoosenAdapter PrimaryIsNotTheChoosenAdapter 
[2019.09.15-18.47.54:373][  0]LogD3D11RHI:     Adapter Name: NVIDIA GeForce GTX 1050
[2019.09.15-18.47.54:373][  0]LogD3D11RHI:   Driver Version: 436.30 (internal:26.21.14.3630, unified:436.30)
[2019.09.15-18.47.54:373][  0]LogD3D11RHI:      Driver Date: 9-5-2019
[2019.09.15-18.47.54:373][  0]LogRHI: Texture pool is 1384 MB (70% of 1977 MB)
[2019.09.15-18.47.54:433][  0]LogD3D11RHI: Async texture creation enabled
[2019.09.15-18.47.54:447][  0]LogD3D11RHI: GPU Timing Frequency: 1000.000000 (Debug: 2 1)
[2019.09.15-18.47.55:231][  0]LogTemp: Display: Module 'AllDesktopTargetPlatform' loaded TargetPlatform 'AllDesktop'
[2019.09.15-18.47.55:243][  0]LogTemp: Display: Module 'MacClientTargetPlatform' loaded TargetPlatform 'MacClient'
[2019.09.15-18.47.55:254][  0]LogTemp: Display: Module 'MacNoEditorTargetPlatform' loaded TargetPlatform 'MacNoEditor'
[2019.09.15-18.47.55:266][  0]LogTemp: Display: Module 'MacServerTargetPlatform' loaded TargetPlatform 'MacServer'
[2019.09.15-18.47.55:278][  0]LogTemp: Display: Module 'MacTargetPlatform' loaded TargetPlatform 'Mac'
[2019.09.15-18.47.55:289][  0]LogTemp: Display: Module 'WindowsClientTargetPlatform' loaded TargetPlatform 'WindowsClient'
[2019.09.15-18.47.55:301][  0]LogTemp: Display: Module 'WindowsNoEditorTargetPlatform' loaded TargetPlatform 'WindowsNoEditor'
[2019.09.15-18.47.55:314][  0]LogTemp: Display: Module 'WindowsServerTargetPlatform' loaded TargetPlatform 'WindowsServer'
[2019.09.15-18.47.55:320][  0]LogTemp: Display: Module 'WindowsTargetPlatform' loaded TargetPlatform 'Windows'
[2019.09.15-18.47.55:358][  0]LogTemp: Display: Module 'AndroidTargetPlatform' loaded TargetPlatform 'Android'
[2019.09.15-18.47.55:358][  0]LogTemp: Display: Module 'AndroidTargetPlatform' loaded TargetPlatform 'Android_ASTC'
[2019.09.15-18.47.55:358][  0]LogTemp: Display: Module 'AndroidTargetPlatform' loaded TargetPlatform 'Android_ATC'
[2019.09.15-18.47.55:358][  0]LogTemp: Display: Module 'AndroidTargetPlatform' loaded TargetPlatform 'Android_DXT'
[2019.09.15-18.47.55:358][  0]LogTemp: Display: Module 'AndroidTargetPlatform' loaded TargetPlatform 'Android_ETC1'
[2019.09.15-18.47.55:358][  0]LogTemp: Display: Module 'AndroidTargetPlatform' loaded TargetPlatform 'Android_ETC1a'
[2019.09.15-18.47.55:358][  0]LogTemp: Display: Module 'AndroidTargetPlatform' loaded TargetPlatform 'Android_ETC2'
[2019.09.15-18.47.55:358][  0]LogTemp: Display: Module 'AndroidTargetPlatform' loaded TargetPlatform 'Android_PVRTC'
[2019.09.15-18.47.55:358][  0]LogTemp: Display: Module 'AndroidTargetPlatform' loaded TargetPlatform 'AndroidClient'
[2019.09.15-18.47.55:358][  0]LogTemp: Display: Module 'AndroidTargetPlatform' loaded TargetPlatform 'Android_ASTCClient'
[2019.09.15-18.47.55:358][  0]LogTemp: Display: Module 'AndroidTargetPlatform' loaded TargetPlatform 'Android_ATCClient'
[2019.09.15-18.47.55:358][  0]LogTemp: Display: Module 'AndroidTargetPlatform' loaded TargetPlatform 'Android_DXTClient'
[2019.09.15-18.47.55:358][  0]LogTemp: Display: Module 'AndroidTargetPlatform' loaded TargetPlatform 'Android_ETC1Client'
[2019.09.15-18.47.55:358][  0]LogTemp: Display: Module 'AndroidTargetPlatform' loaded TargetPlatform 'Android_ETC1aClient'
[2019.09.15-18.47.55:358][  0]LogTemp: Display: Module 'AndroidTargetPlatform' loaded TargetPlatform 'Android_ETC2Client'
[2019.09.15-18.47.55:358][  0]LogTemp: Display: Module 'AndroidTargetPlatform' loaded TargetPlatform 'Android_PVRTCClient'
[2019.09.15-18.47.55:358][  0]LogTemp: Display: Module 'AndroidTargetPlatform' loaded TargetPlatform 'Android_Multi'
[2019.09.15-18.47.55:358][  0]LogTemp: Display: Module 'AndroidTargetPlatform' loaded TargetPlatform 'Android_MultiClient'
[2019.09.15-18.47.55:360][  0]LogTemp: Display: Module 'HTML5TargetPlatform' loaded TargetPlatform 'HTML5'
[2019.09.15-18.47.55:384][  0]LogTemp: Display: Module 'IOSTargetPlatform' loaded TargetPlatform 'IOSClient'
[2019.09.15-18.47.55:384][  0]LogTemp: Display: Module 'IOSTargetPlatform' loaded TargetPlatform 'IOS'
[2019.09.15-18.47.55:401][  0]LogTemp: Display: Module 'TVOSTargetPlatform' loaded TargetPlatform 'TVOSClient'
[2019.09.15-18.47.55:402][  0]LogTemp: Display: Module 'TVOSTargetPlatform' loaded TargetPlatform 'TVOS'
[2019.09.15-18.47.55:410][  0]LogTemp: Display: Module 'LinuxClientTargetPlatform' loaded TargetPlatform 'LinuxClient'
[2019.09.15-18.47.55:419][  0]LogTemp: Display: Module 'LinuxNoEditorTargetPlatform' loaded TargetPlatform 'LinuxNoEditor'
[2019.09.15-18.47.55:427][  0]LogTemp: Display: Module 'LinuxServerTargetPlatform' loaded TargetPlatform 'LinuxServer'
[2019.09.15-18.47.55:438][  0]LogTemp: Display: Module 'LinuxTargetPlatform' loaded TargetPlatform 'Linux'
[2019.09.15-18.47.55:466][  0]LogTemp: Display: Module 'LuminTargetPlatform' loaded TargetPlatform 'Lumin'
[2019.09.15-18.47.55:466][  0]LogTemp: Display: Module 'LuminTargetPlatform' loaded TargetPlatform 'LuminClient'
[2019.09.15-18.47.55:467][  0]LogTargetPlatformManager: Display: Building Assets For Windows
[2019.09.15-18.47.55:482][  0]LogAudioDebug: Display: Lib vorbis DLL was dynamically loaded.
[2019.09.15-18.47.55:569][  0]LogShaderCompilers: Guid format shader working directory is -31 characters bigger than the processId version (../../../../../../Users/nico5/OneDrive/Documents/Unreal Projects/WorldofLine/Intermediate/Shaders/WorkingDirectory/11728/).
[2019.09.15-18.47.55:570][  0]LogShaderCompilers: Cleaned the shader compiler working directory 'C:/Users/nico5/AppData/Local/Temp/UnrealShaderWorkingDir/B1F9D97A4D6283D56170549EB0F6E0DC/'.
[2019.09.15-18.47.55:574][  0]LogXGEController: Cannot use XGE Controller as Incredibuild is not installed on this machine.
[2019.09.15-18.47.55:574][  0]LogShaderCompilers: Cannot use XGE Shader Compiler as Incredibuild is not installed on this machine.
[2019.09.15-18.47.55:574][  0]LogShaderCompilers: Display: Using Local Shader Compiler.
[2019.09.15-18.47.56:345][  0]LogDerivedDataCache: Display: Max Cache Size: 512 MB
[2019.09.15-18.47.56:415][  0]LogDerivedDataCache: Loaded boot cache 0.07s 73MB C:/Users/nico5/AppData/Local/UnrealEngine/4.23/DerivedDataCache/Boot.ddc.
[2019.09.15-18.47.56:415][  0]LogDerivedDataCache: Display: Loaded Boot cache: C:/Users/nico5/AppData/Local/UnrealEngine/4.23/DerivedDataCache/Boot.ddc
[2019.09.15-18.47.56:415][  0]LogDerivedDataCache: FDerivedDataBackendGraph:  Pak pak cache file ../../../../../../Users/nico5/OneDrive/Documents/Unreal Projects/WorldofLine/DerivedDataCache/DDC.ddp not found, will not use a pak cache.
[2019.09.15-18.47.56:415][  0]LogDerivedDataCache: Unable to find inner node Pak for hierarchical cache Hierarchy.
[2019.09.15-18.47.56:415][  0]LogDerivedDataCache: FDerivedDataBackendGraph:  CompressedPak pak cache file ../../../../../../Users/nico5/OneDrive/Documents/Unreal Projects/WorldofLine/DerivedDataCache/Compressed.ddp not found, will not use a pak cache.
[2019.09.15-18.47.56:415][  0]LogDerivedDataCache: Unable to find inner node CompressedPak for hierarchical cache Hierarchy.
[2019.09.15-18.47.56:428][  0]LogDerivedDataCache: Display: Pak cache opened for reading ../../../Engine/DerivedDataCache/Compressed.ddp.
[2019.09.15-18.47.56:428][  0]LogDerivedDataCache: FDerivedDataBackendGraph:  EnterprisePak pak cache file ../../../Enterprise/DerivedDataCache/Compressed.ddp not found, will not use a pak cache.
[2019.09.15-18.47.56:428][  0]LogDerivedDataCache: Unable to find inner node EnterprisePak for hierarchical cache Hierarchy.
[2019.09.15-18.47.56:430][  0]LogDerivedDataCache: Using Local data cache path C:/Users/nico5/AppData/Local/UnrealEngine/Common/DerivedDataCache: Writable
[2019.09.15-18.47.56:430][  0]LogDerivedDataCache: Shared data cache path not found in *engine.ini, will not use an Shared cache.
[2019.09.15-18.47.56:430][  0]LogDerivedDataCache: Unable to find inner node Shared for hierarchical cache Hierarchy.
[2019.09.15-18.47.56:455][  0]LogMaterial: Verifying Global Shaders for PCD3D_SM5
[2019.09.15-18.47.56:458][  0]LogSlate: Using FreeType 2.6.0
[2019.09.15-18.47.56:458][  0]LogSlate: SlateFontServices - WITH_FREETYPE: 1, WITH_HARFBUZZ: 1
[2019.09.15-18.47.56:546][  0]LogAssetRegistry: FAssetRegistry took 0.0041 seconds to start up
[2019.09.15-18.47.56:847][  0]LogInit: Selected Device Profile: [Windows]
[2019.09.15-18.47.57:032][  0]LogMeshReduction: Using QuadricMeshReduction for automatic static mesh reduction
[2019.09.15-18.47.57:032][  0]LogMeshReduction: Using SimplygonMeshReduction for automatic skeletal mesh reduction
[2019.09.15-18.47.57:032][  0]LogMeshReduction: Using ProxyLODMeshReduction for automatic mesh merging
[2019.09.15-18.47.57:032][  0]LogMeshReduction: No distributed automatic mesh merging module available
[2019.09.15-18.47.57:032][  0]LogMeshMerging: No distributed automatic mesh merging module available
[2019.09.15-18.47.57:044][  0]LogNetVersion: WorldofLine 1.0.0, NetCL: 8386587, EngineNetVer: 11, GameNetVer: 0 (Checksum: 412805451)
[2019.09.15-18.47.57:642][  0]LogPackageLocalizationCache: Processed 12 localized package path(s) for 1 prioritized culture(s) in 0.149633 seconds
[2019.09.15-18.47.57:648][  0]LogUObjectArray: 43444 objects as part of root set at end of initial load.
[2019.09.15-18.47.57:649][  0]LogUObjectAllocator: 7548648 out of 0 bytes used by permanent object pool.
[2019.09.15-18.47.57:649][  0]LogUObjectArray: CloseDisregardForGC: 0/0 objects in disregard for GC pool
[2019.09.15-18.47.58:858][  0]LogTcpMessaging: Initializing TcpMessaging bridge
[2019.09.15-18.47.58:862][  0]LogUdpMessaging: Initializing bridge on interface 0.0.0.0:0 to multicast group 230.0.0.1:6666.
[2019.09.15-18.47.58:936][  0]SourceControl: Source control is disabled
[2019.09.15-18.47.58:937][  0]SourceControl: Source control is disabled
[2019.09.15-18.47.58:940][  0]SourceControl: Source control is disabled
[2019.09.15-18.47.58:941][  0]SourceControl: Source control is disabled
[2019.09.15-18.47.59:083][  0]LogAndroidPermission: UAndroidPermissionCallbackProxy::GetInstance
[2019.09.15-18.47.59:226][  0]LogOcInput: OculusInput pre-init called
[2019.09.15-18.47.59:235][  0]LogWindows: Failed to load 'OVRPlugin.dll' (GetLastError=126)
[2019.09.15-18.47.59:235][  0]LogWindows: File 'OVRPlugin.dll' does not exist
[2019.09.15-18.47.59:322][  0]LogEngine: Initializing Engine...
[2019.09.15-18.47.59:324][  0]LogHMD: Failed to initialize OpenVR with code 110
[2019.09.15-18.47.59:325][  0]LogStats: UGameplayTagsManager::InitializeManager -  0.000 s
[2019.09.15-18.47.59:598][  0]LogInit: Initializing FReadOnlyCVARCache
[2019.09.15-18.47.59:621][  0]LogAIModule: Creating AISystem for world Untitled
[2019.09.15-18.47.59:640][  0]LogInit: XAudio2 using 'Casque pour téléphone (HyperX Virtual Surround Sound)' : 2 channels at 48 kHz using 16 bits per sample (channel mask 0x3)
[2019.09.15-18.47.59:658][  0]LogInit: FAudioDevice initialized.
[2019.09.15-18.47.59:659][  0]LogNetVersion: Set ProjectVersion to 1.0.0.0. Version Checksum will be recalculated on next use.
[2019.09.15-18.48.00:968][  0]LogDerivedDataCache: Saved boot cache 1.31s 73MB C:/Users/nico5/AppData/Local/UnrealEngine/4.23/DerivedDataCache/Boot.ddc.
[2019.09.15-18.48.00:972][  0]LogInit: Texture streaming: Enabled
[2019.09.15-18.48.01:006][  0]LogEngineSessionManager: EngineSessionManager initialized
[2019.09.15-18.48.01:122][  0]LogInit: Transaction tracking system initialized
[2019.09.15-18.48.01:174][  0]BlueprintLog: New page: Editor Load
[2019.09.15-18.48.01:299][  0]LocalizationService: Localization service is disabled
[2019.09.15-18.48.02:878][  0]LogFileCache: Scanning file cache for directory 'C:/Users/nico5/OneDrive/Documents/Unreal Projects/WorldofLine/Content/' took 0.20s
[2019.09.15-18.48.02:878][  0]LogCook: Display: Max memory allowance for cook 16384mb min free memory 0mb
[2019.09.15-18.48.02:878][  0]LogCook: Display: Mobile HDR setting 1
[2019.09.15-18.48.03:129][  0]SourceControl: Source control is disabled
[2019.09.15-18.48.03:130][  0]Cmd: MAP LOAD FILE="../../../../../../Users/nico5/OneDrive/Documents/Unreal Projects/WorldofLine/Content/FirstPersonBP/Maps/FirstPersonExampleMap.umap" TEMPLATE=0 SHOWPROGRESS=1 FEATURELEVEL=3
[2019.09.15-18.48.03:291][  0]LightingResults: New page: Lighting Build
[2019.09.15-18.48.03:295][  0]LogWorld: UWorld::CleanupWorld for Untitled, bSessionEnded=true, bCleanupResources=true
[2019.09.15-18.48.03:295][  0]MapCheck: New page: Map Check
[2019.09.15-18.48.03:295][  0]LightingResults: New page: Lighting Build
[2019.09.15-18.48.03:324][  0]LogUObjectHash: Compacting FUObjectHashTables data took   1.74ms
[2019.09.15-18.48.16:043][  0]LogAIModule: Creating AISystem for world FirstPersonExampleMap
[2019.09.15-18.48.17:536][  0]LogEditorServer: Finished looking for orphan Actors (0.000 secs)
[2019.09.15-18.48.17:566][  0]LogUObjectHash: Compacting FUObjectHashTables data took   2.05ms
[2019.09.15-18.48.17:566][  0]Cmd: MAP CHECKDEP NOCLEARLOG
[2019.09.15-18.48.17:567][  0]MapCheck: Map check complete: 0 Error(s), 0 Warning(s), took 0,22ms to complete.
[2019.09.15-18.48.17:567][  0]LogFileHelpers: Loading map 'FirstPersonExampleMap' took 14.437
[2019.09.15-18.48.21:874][  0]LogSlate: Updating window title bar state: overlay mode, drag disabled, window buttons hidden, title bar hidden
[2019.09.15-18.48.21:883][  0]LogSlate: Updating window title bar state: overlay mode, drag disabled, window buttons hidden, title bar hidden
[2019.09.15-18.48.21:891][  0]LogSlate: Updating window title bar state: overlay mode, drag disabled, window buttons hidden, title bar hidden
[2019.09.15-18.48.21:898][  0]LogSlate: Updating window title bar state: overlay mode, drag disabled, window buttons hidden, title bar hidden
[2019.09.15-18.48.22:142][  0]LogCollectionManager: Loaded 0 collections in 0.003218 seconds
[2019.09.15-18.48.22:626][  0]LogFileCache: Scanning file cache for directory 'C:/Users/nico5/OneDrive/Documents/Unreal Projects/WorldofLine/Saved/Collections/' took 0.00s
[2019.09.15-18.48.22:626][  0]LogFileCache: Scanning file cache for directory 'C:/Users/nico5/OneDrive/Documents/Unreal Projects/WorldofLine/Content/Developers/nico5/Collections/' took 0.00s
[2019.09.15-18.48.22:626][  0]LogFileCache: Scanning file cache for directory 'C:/Users/nico5/OneDrive/Documents/Unreal Projects/WorldofLine/Content/Collections/' took 0.00s
[2019.09.15-18.48.22:626][  0]LogCollectionManager: Rebuilt the GUID cache for 0 collections in 0.000002 seconds
[2019.09.15-18.48.22:670][  0]LogContentBrowser: Native class hierarchy populated in 0.0157 seconds. Added 2863 classes and 680 folders.
[2019.09.15-18.48.23:003][  0]LogContentBrowser: Native class hierarchy updated for 'WidgetCarousel' in 0.0002 seconds. Added 0 classes and 0 folders.
[2019.09.15-18.48.26:512][  0]LogContentBrowser: Native class hierarchy updated for 'AddContentDialog' in 0.0003 seconds. Added 0 classes and 0 folders.
[2019.09.15-18.48.26:839][  0]LogContentBrowser: Native class hierarchy updated for 'SceneOutliner' in 0.0003 seconds. Added 1 classes and 2 folders.
[2019.09.15-18.48.28:384][  0]LogSlate: Took 0.000356 seconds to synchronously load lazily loaded font '../../../Engine/Content/Slate/Fonts/Roboto-Regular.ttf' (155K)
[2019.09.15-18.48.28:404][  0]LogSlate: Took 0.000336 seconds to synchronously load lazily loaded font '../../../Engine/Content/Slate/Fonts/Roboto-Bold.ttf' (160K)
[2019.09.15-18.48.28:775][  0]LogSlate: Took 0.042834 seconds to synchronously load lazily loaded font '../../../Engine/Content/Editor/Slate/Fonts/FontAwesome.ttf' (139K)
[2019.09.15-18.48.29:872][  0]LogRenderer: Reallocating scene render targets to support 1208x580 Format 10 NumSamples 1 (Frame:1).
[2019.09.15-18.48.30:941][  0]LogContentBrowser: Native class hierarchy updated for 'HierarchicalLODOutliner' in 0.0003 seconds. Added 0 classes and 0 folders.
[2019.09.15-18.48.30:941][  0]LogLoad: (Engine Initialization) Total time: 40.26 seconds
[2019.09.15-18.48.30:941][  0]LogLoad: (Engine Initialization) Total Blueprint compile time: 0.00 seconds
[2019.09.15-18.48.30:959][  0]LogWindowsTextInputMethodSystem: Display: IME system now deactivated.
[2019.09.15-18.48.33:079][  0]LogContentStreaming: Texture pool size now 1000 MB
[2019.09.15-18.48.33:192][  0]LogSlate: Took 0.012277 seconds to synchronously load lazily loaded font '../../../Engine/Content/Slate/Fonts/Roboto-Light.ttf' (167K)
[2019.09.15-18.48.34:348][  7]LogAssetRegistry: Asset discovery search completed in 37.8033 seconds
[2019.09.15-18.48.34:352][  7]LogCollectionManager: Rebuilt the object cache for 0 collections in 0.000005 seconds (found 0 objects)
[2019.09.15-18.48.34:352][  7]LogCollectionManager: Fixed up redirectors for 0 collections in 0.000065 seconds (updated 0 objects)
[2019.09.15-18.48.56:238][463]LogSlate: FSceneViewport::OnFocusLost() reason 0
[2019.09.15-18.49.25:098][322]LogSourceControl: Warning: '../../../../../../Users/nico5/OneDrive/Documents/Unreal Projects/WorldofLine/' is not part of a Git repository
[2019.09.15-18.53.40:300][350]SourceControl: Error: warning: LF will be replaced by CRLF in .gitignore.
[2019.09.15-18.53.40:300][350]SourceControl: Error: The file will have its original line endings in your working directory
[2019.09.15-18.53.40:300][350]SourceControl: Error: warning: LF will be replaced by CRLF in README.md.
[2019.09.15-18.53.40:300][350]SourceControl: Error: The file will have its original line endings in your working directory
[2019.09.15-18.53.50:918][972]LogSourceControl: commit successful: [master (root-commit) f756c95] Initial commit
[2019.09.15-18.53.50:918][972]SourceControl: [master (root-commit) f756c95] Initial commit
[2019.09.15-18.53.50:918][972]SourceControl:  335 files changed, 174 insertions(+)
[2019.09.15-18.53.50:918][972]SourceControl:  create mode 100644 .gitignore
[2019.09.15-18.53.50:918][972]SourceControl:  create mode 100644 Config/DefaultEditor.ini
[2019.09.15-18.53.50:918][972]SourceControl:  create mode 100644 Config/DefaultEditorPerProjectUserSettings.ini
[2019.09.15-18.53.50:918][972]SourceControl:  create mode 100644 Config/DefaultEngine.ini
[2019.09.15-18.53.50:918][972]SourceControl:  create mode 100644 Config/DefaultGame.ini
[2019.09.15-18.53.50:918][972]SourceControl:  create mode 100644 Config/DefaultInput.ini
[2019.09.15-18.53.50:918][972]SourceControl:  create mode 100644 Content/FirstPerson/Animations/FirstPersonFire_Montage.uasset
[2019.09.15-18.53.50:919][972]SourceControl:  create mode 100644 Content/FirstPerson/Animations/FirstPerson_AnimBP.uasset
[2019.09.15-18.53.50:919][972]SourceControl:  create mode 100644 Content/FirstPerson/Animations/FirstPerson_Fire.uasset
[2019.09.15-18.53.50:919][972]SourceControl:  create mode 100644 Content/FirstPerson/Animations/FirstPerson_Idle.uasset
[2019.09.15-18.53.50:919][972]SourceControl:  create mode 100644 Content/FirstPerson/Animations/FirstPerson_JumpEnd.uasset
[2019.09.15-18.53.50:919][972]SourceControl:  create mode 100644 Content/FirstPerson/Animations/FirstPerson_JumpLoop.uasset
[2019.09.15-18.53.50:919][972]SourceControl:  create mode 100644 Content/FirstPerson/Animations/FirstPerson_JumpStart.uasset
[2019.09.15-18.53.50:919][972]SourceControl:  create mode 100644 Content/FirstPerson/Animations/FirstPerson_Run.uasset
[2019.09.15-18.53.50:919][972]SourceControl:  create mode 100644 Content/FirstPerson/Audio/FirstPersonTemplateWeaponFire02.uasset
[2019.09.15-18.53.50:919][972]SourceControl:  create mode 100644 Content/FirstPerson/Character/Materials/M_UE4Man_Body.uasset
[2019.09.15-18.53.50:919][972]SourceControl:  create mode 100644 Content/FirstPerson/Character/Materials/MaterialLayers/ML_GlossyBlack_Latex_UE4.uasset
[2019.09.15-18.53.50:919][972]SourceControl:  create mode 100644 Content/FirstPerson/Character/Materials/MaterialLayers/ML_Plastic_Shiny_Beige.uasset
[2019.09.15-18.53.50:919][972]SourceControl:  create mode 100644 Content/FirstPerson/Character/Materials/MaterialLayers/ML_Plastic_Shiny_Beige_LOGO.uasset
[2019.09.15-18.53.50:919][972]SourceControl:  create mode 100644 Content/FirstPerson/Character/Materials/MaterialLayers/ML_SoftMetal_UE4.uasset
[2019.09.15-18.53.50:919][972]SourceControl:  create mode 100644 Content/FirstPerson/Character/Materials/MaterialLayers/T_ML_Aluminum01.uasset
[2019.09.15-18.53.50:919][972]SourceControl:  create mode 100644 Content/FirstPerson/Character/Materials/MaterialLayers/T_ML_Aluminum01_N.uasset
[2019.09.15-18.53.50:919][972]SourceControl:  create mode 100644 Content/FirstPerson/Character/Materials/MaterialLayers/T_ML_Rubber_Blue_01_D.uasset
[2019.09.15-18.53.50:919][972]SourceControl:  create mode 100644 Content/FirstPerson/Character/Materials/MaterialLayers/T_ML_Rubber_Blue_01_N.uasset
[2019.09.15-18.53.50:919][972]SourceControl:  create mode 100644 Content/FirstPerson/Character/Mesh/FirstPersonAnimBlueprint_Copy.uasset
[2019.09.15-18.53.50:919][972]SourceControl:  create mode 100644 Content/FirstPerson/Character/Mesh/SK_Mannequin_Arms.uasset
[2019.09.15-18.53.50:919][972]SourceControl:  create mode 100644 Content/FirstPerson/Character/Mesh/SK_Mannequin_Arms_PhysicsAsset.uasset
[2019.09.15-18.53.50:919][972]SourceControl:  create mode 100644 Content/FirstPerson/Character/Mesh/SK_Mannequin_Arms_Skeleton.uasset
[2019.09.15-18.53.50:919][972]SourceControl:  create mode 100644 Content/FirstPerson/Character/Textures/UE4_LOGO_CARD.uasset
[2019.09.15-18.53.50:919][972]SourceControl:  create mode 100644 Content/FirstPerson/Character/Textures/UE4_Mannequin_MAT_MASKA.uasset
[2019.09.15-18.53.50:919][972]SourceControl:  create mode 100644 Content/FirstPerson/Character/Textures/UE4_Mannequin__normals.uasset
[2019.09.15-18.53.50:919][972]SourceControl:  create mode 100644 Content/FirstPerson/FPWeapon/Materials/M_FPGun.uasset
[2019.09.15-18.53.50:919][972]SourceControl:  create mode 100644 Content/FirstPerson/FPWeapon/Materials/MaterialLayers/ML_GlossyBlack_Latex_UE4.uasset
[2019.09.15-18.53.50:919][972]SourceControl:  create mode 100644 Content/FirstPerson/FPWeapon/Materials/MaterialLayers/ML_Plastic_Shiny_Beige.uasset
[2019.09.15-18.53.50:919][972]SourceControl:  create mode 100644 Content/FirstPerson/FPWeapon/Materials/MaterialLayers/ML_Plastic_Shiny_Beige_LOGO.uasset
[2019.09.15-18.53.50:919][972]SourceControl:  create mode 100644 Content/FirstPerson/FPWeapon/Materials/MaterialLayers/ML_Screen.uasset
[2019.09.15-18.53.50:919][972]SourceControl:  create mode 100644 Content/FirstPerson/FPWeapon/Materials/MaterialLayers/ML_SoftMetal_UE4.uasset
[2019.09.15-18.53.50:919][972]SourceControl:  create mode 100644 Content/FirstPerson/FPWeapon/Materials/MaterialLayers/T_ML_Aluminum01.uasset
[2019.09.15-18.53.50:919][972]SourceControl:  create mode 100644 Content/FirstPerson/FPWeapon/Materials/MaterialLayers/T_ML_Aluminum01_N.uasset
[2019.09.15-18.53.50:919][972]SourceControl:  create mode 100644 Content/FirstPerson/FPWeapon/Materials/MaterialLayers/T_ML_FineRubber.uasset
[2019.09.15-18.53.50:919][972]SourceControl:  create mode 100644 Content/FirstPerson/FPWeapon/Materials/MaterialLayers/T_ML_Rubber_Blue_01_D.uasset
[2019.09.15-18.53.50:919][972]SourceControl:  create mode 100644 Content/FirstPerson/FPWeapon/Materials/MaterialLayers/T_ML_Rubber_Blue_01_N.uasset
[2019.09.15-18.53.50:919][972]SourceControl:  create mode 100644 Content/FirstPerson/FPWeapon/Mesh/SK_FPGun.uasset
[2019.09.15-18.53.50:919][972]SourceControl:  create mode 100644 Content/FirstPerson/FPWeapon/Mesh/SK_FPGun_PhysicsAsset.uasset
[2019.09.15-18.53.50:919][972]SourceControl:  create mode 100644 Content/FirstPerson/FPWeapon/Mesh/SK_FPGun_Skeleton.uasset
[2019.09.15-18.53.50:919][972]SourceControl:  create mode 100644 Content/FirstPerson/FPWeapon/Textures/T_FPGun_M.uasset
[2019.09.15-18.53.50:919][972]SourceControl:  create mode 100644 Content/FirstPerson/FPWeapon/Textures/T_FPGun_N.uasset
[2019.09.15-18.53.50:919][972]SourceControl:  create mode 100644 Content/FirstPerson/Meshes/BaseMaterial.uasset
[2019.09.15-18.53.50:919][972]SourceControl:  create mode 100644 Content/FirstPerson/Meshes/CubeMaterialOverride.uasset
[2019.09.15-18.53.50:919][972]SourceControl:  create mode 100644 Content/FirstPerson/Meshes/FirstPersonProjectileMaterial.uasset
[2019.09.15-18.53.50:919][972]SourceControl:  create mode 100644 Content/FirstPerson/Meshes/FirstPersonProjectileMesh.uasset
[2019.09.15-18.53.50:919][972]SourceControl:  create mode 100644 Content/FirstPerson/Textures/FirstPersonCrosshair.uasset
[2019.09.15-18.53.50:919][972]SourceControl:  create mode 100644 Content/FirstPersonBP/Blueprints/FirstPersonCharacter.uasset
[2019.09.15-18.53.50:919][972]SourceControl:  create mode 100644 Content/FirstPersonBP/Blueprints/FirstPersonGameMode.uasset
[2019.09.15-18.53.50:919][972]SourceControl:  create mode 100644 Content/FirstPersonBP/Blueprints/FirstPersonHUD.uasset
[2019.09.15-18.53.50:919][972]SourceControl:  create mode 100644 Content/FirstPersonBP/Blueprints/FirstPersonProjectile.uasset
[2019.09.15-18.53.50:919][972]SourceControl:  create mode 100644 Content/FirstPersonBP/FirstPersonOverview.uasset
[2019.09.15-18.53.50:919][972]SourceControl:  create mode 100644 Content/FirstPersonBP/Maps/FirstPersonExampleMap.umap
[2019.09.15-18.53.50:919][972]SourceControl:  create mode 100644 Content/FirstPersonBP/Maps/FirstPersonExampleMap_BuiltData.uasset
[2019.09.15-18.53.50:919][972]SourceControl:  create mode 100644 Content/Geometry/Meshes/1M_Cube.uasset
[2019.09.15-18.53.50:919][972]SourceControl:  create mode 100644 Content/Geometry/Meshes/1M_Cube_Chamfer.uasset
[2019.09.15-18.53.50:919][972]SourceControl:  create mode 100644 Content/Geometry/Meshes/CubeMaterial.uasset
[2019.09.15-18.53.50:919][972]SourceControl:  create mode 100644 Content/Geometry/Meshes/TemplateFloor.uasset
[2019.09.15-18.53.50:920][972]SourceControl:  create mode 100644 Content/StarterContent/Architecture/Floor_400x400.uasset
[2019.09.15-18.53.50:920][972]SourceControl:  create mode 100644 Content/StarterContent/Architecture/Pillar_50x500.uasset
[2019.09.15-18.53.50:920][972]SourceControl:  create mode 100644 Content/StarterContent/Architecture/SM_AssetPlatform.uasset
[2019.09.15-18.53.50:920][972]SourceControl:  create mode 100644 Content/StarterContent/Architecture/Wall_400x200.uasset
[2019.09.15-18.53.50:920][972]SourceControl:  create mode 100644 Content/StarterContent/Architecture/Wall_400x300.uasset
[2019.09.15-18.53.50:920][972]SourceControl:  create mode 100644 Content/StarterContent/Architecture/Wall_400x400.uasset
[2019.09.15-18.53.50:920][972]SourceControl:  create mode 100644 Content/StarterContent/Architecture/Wall_500x500.uasset
[2019.09.15-18.53.50:920][972]SourceControl:  create mode 100644 Content/StarterContent/Architecture/Wall_Door_400x300.uasset
[2019.09.15-18.53.50:920][972]SourceControl:  create mode 100644 Content/StarterContent/Architecture/Wall_Door_400x400.uasset
[2019.09.15-18.53.50:920][972]SourceControl:  create mode 100644 Content/StarterContent/Architecture/Wall_Window_400x300.uasset
[2019.09.15-18.53.50:920][972]SourceControl:  create mode 100644 Content/StarterContent/Architecture/Wall_Window_400x400.uasset
[2019.09.15-18.53.50:920][972]SourceControl:  create mode 100644 Content/StarterContent/Audio/Collapse01.uasset
[2019.09.15-18.53.50:920][972]SourceControl:  create mode 100644 Content/StarterContent/Audio/Collapse02.uasset
[2019.09.15-18.53.50:920][972]SourceControl:  create mode 100644 Content/StarterContent/Audio/Collapse_Cue.uasset
[2019.09.15-18.53.50:920][972]SourceControl:  create mode 100644 Content/StarterContent/Audio/Explosion01.uasset
[2019.09.15-18.53.50:920][972]SourceControl:  create mode 100644 Content/StarterContent/Audio/Explosion02.uasset
[2019.09.15-18.53.50:920][972]SourceControl:  create mode 100644 Content/StarterContent/Audio/Explosion_Cue.uasset
[2019.09.15-18.53.50:920][972]SourceControl:  create mode 100644 Content/StarterContent/Audio/Fire01.uasset
[2019.09.15-18.53.50:920][972]SourceControl:  create mode 100644 Content/StarterContent/Audio/Fire01_Cue.uasset
[2019.09.15-18.53.50:920][972]SourceControl:  create mode 100644 Content/StarterContent/Audio/Fire_Sparks01.uasset
[2019.09.15-18.53.50:920][972]SourceControl:  create mode 100644 Content/StarterContent/Audio/Fire_Sparks01_Cue.uasset
[2019.09.15-18.53.50:920][972]SourceControl:  create mode 100644 Content/StarterContent/Audio/Light01.uasset
[2019.09.15-18.53.50:920][972]SourceControl:  create mode 100644 Content/StarterContent/Audio/Light01_Cue.uasset
[2019.09.15-18.53.50:920][972]SourceControl:  create mode 100644 Content/StarterContent/Audio/Light02.uasset
[2019.09.15-18.53.50:920][972]SourceControl:  create mode 100644 Content/StarterContent/Audio/Light02_Cue.uasset
[2019.09.15-18.53.50:920][972]SourceControl:  create mode 100644 Content/StarterContent/Audio/Smoke01.uasset
[2019.09.15-18.53.50:920][972]SourceControl:  create mode 100644 Content/StarterContent/Audio/Smoke01_Cue.uasset
[2019.09.15-18.53.50:920][972]SourceControl:  create mode 100644 Content/StarterContent/Audio/Starter_Background_Cue.uasset
[2019.09.15-18.53.50:920][972]SourceControl:  create mode 100644 Content/StarterContent/Audio/Starter_Birds01.uasset
[2019.09.15-18.53.50:920][972]SourceControl:  create mode 100644 Content/StarterContent/Audio/Starter_Music01.uasset
[2019.09.15-18.53.50:920][972]SourceControl:  create mode 100644 Content/StarterContent/Audio/Starter_Music_Cue.uasset
[2019.09.15-18.53.50:920][972]SourceControl:  create mode 100644 Content/StarterContent/Audio/Starter_Wind05.uasset
[2019.09.15-18.53.50:920][972]SourceControl:  create mode 100644 Content/StarterContent/Audio/Starter_Wind06.uasset
[2019.09.15-18.53.50:920][972]SourceControl:  create mode 100644 Content/StarterContent/Audio/Steam01.uasset
[2019.09.15-18.53.50:920][972]SourceControl:  create mode 100644 Content/StarterContent/Audio/Steam01_Cue.uasset
[2019.09.15-18.53.50:920][972]SourceControl:  create mode 100644 Content/StarterContent/Blueprints/Assets/FogBrightnessLUT.uasset
[2019.09.15-18.53.50:920][972]SourceControl:  create mode 100644 Content/StarterContent/Blueprints/Assets/M_LightStage_Arrows.uasset
[2019.09.15-18.53.50:920][972]SourceControl:  create mode 100644 Content/StarterContent/Blueprints/Assets/M_LightStage_Skybox_Black.uasset
[2019.09.15-18.53.50:920][972]SourceControl:  create mode 100644 Content/StarterContent/Blueprints/Assets/M_LightStage_Skybox_HDRI.uasset
[2019.09.15-18.53.50:920][972]SourceControl:  create mode 100644 Content/StarterContent/Blueprints/Assets/M_LightStage_Skybox_Master.uasset
[2019.09.15-18.53.50:920][972]SourceControl:  create mode 100644 Content/StarterContent/Blueprints/Assets/SM_Arrows.uasset
[2019.09.15-18.53.50:920][972]SourceControl:  create mode 100644 Content/StarterContent/Blueprints/Assets/Skybox.uasset
[2019.09.15-18.53.50:920][972]SourceControl:  create mode 100644 Content/StarterContent/Blueprints/Assets/SunlightColorLUT.uasset
[2019.09.15-18.53.50:920][972]SourceControl:  create mode 100644 Content/StarterContent/Blueprints/BP_LightStudio.uasset
[2019.09.15-18.53.50:920][972]SourceControl:  create mode 100644 Content/StarterContent/Blueprints/Blueprint_CeilingLight.uasset
[2019.09.15-18.53.50:920][972]SourceControl:  create mode 100644 Content/StarterContent/Blueprints/Blueprint_Effect_Explosion.uasset
[2019.09.15-18.53.50:920][972]SourceControl:  create mode 100644 Content/StarterContent/Blueprints/Blueprint_Effect_Fire.uasset
[2019.09.15-18.53.50:920][972]SourceControl:  create mode 100644 Content/StarterContent/Blueprints/Blueprint_Effect_Smoke.uasset
[2019.09.15-18.53.50:920][972]SourceControl:  create mode 100644 Content/StarterContent/Blueprints/Blueprint_Effect_Sparks.uasset
[2019.09.15-18.53.50:920][972]SourceControl:  create mode 100644 Content/StarterContent/Blueprints/Blueprint_Effect_Steam.uasset
[2019.09.15-18.53.50:920][972]SourceControl:  create mode 100644 Content/StarterContent/Blueprints/Blueprint_WallSconce.uasset
[2019.09.15-18.53.50:920][972]SourceControl:  create mode 100644 Content/StarterContent/HDRI/HDRI_Epic_Courtyard_Daylight.uasset
[2019.09.15-18.53.50:920][972]SourceControl:  create mode 100644 Content/StarterContent/Maps/Advanced_Lighting.umap
[2019.09.15-18.53.50:920][972]SourceControl:  create mode 100644 Content/StarterContent/Maps/Advanced_Lighting_BuiltData.uasset
[2019.09.15-18.53.50:920][972]SourceControl:  create mode 100644 Content/StarterContent/Maps/Minimal_Default.umap
[2019.09.15-18.53.50:920][972]SourceControl:  create mode 100644 Content/StarterContent/Maps/Minimal_Default_BuiltData.uasset
[2019.09.15-18.53.50:920][972]SourceControl:  create mode 100644 Content/StarterContent/Maps/StarterMap.umap
[2019.09.15-18.53.50:920][972]SourceControl:  create mode 100644 Content/StarterContent/Maps/StarterMap_BuiltData.uasset
[2019.09.15-18.53.50:920][972]SourceControl:  create mode 100644 Content/StarterContent/Materials/M_AssetPlatform.uasset
[2019.09.15-18.53.50:920][972]SourceControl:  create mode 100644 Content/StarterContent/Materials/M_Basic_Floor.uasset
[2019.09.15-18.53.50:920][972]SourceControl:  create mode 100644 Content/StarterContent/Materials/M_Basic_Wall.uasset
[2019.09.15-18.53.50:920][972]SourceControl:  create mode 100644 Content/StarterContent/Materials/M_Brick_Clay_Beveled.uasset
[2019.09.15-18.53.50:920][972]SourceControl:  create mode 100644 Content/StarterContent/Materials/M_Brick_Clay_New.uasset
[2019.09.15-18.53.50:920][972]SourceControl:  create mode 100644 Content/StarterContent/Materials/M_Brick_Clay_Old.uasset
[2019.09.15-18.53.50:921][972]SourceControl:  create mode 100644 Content/StarterContent/Materials/M_Brick_Cut_Stone.uasset
[2019.09.15-18.53.50:921][972]SourceControl:  create mode 100644 Content/StarterContent/Materials/M_Brick_Hewn_Stone.uasset
[2019.09.15-18.53.50:921][972]SourceControl:  create mode 100644 Content/StarterContent/Materials/M_Ceramic_Tile_Checker.uasset
[2019.09.15-18.53.50:921][972]SourceControl:  create mode 100644 Content/StarterContent/Materials/M_CobbleStone_Pebble.uasset
[2019.09.15-18.53.50:921][972]SourceControl:  create mode 100644 Content/StarterContent/Materials/M_CobbleStone_Rough.uasset
[2019.09.15-18.53.50:921][972]SourceControl:  create mode 100644 Content/StarterContent/Materials/M_CobbleStone_Smooth.uasset
[2019.09.15-18.53.50:921][972]SourceControl:  create mode 100644 Content/StarterContent/Materials/M_ColorGrid_LowSpec.uasset
[2019.09.15-18.53.50:921][972]SourceControl:  create mode 100644 Content/StarterContent/Materials/M_Concrete_Grime.uasset
[2019.09.15-18.53.50:921][972]SourceControl:  create mode 100644 Content/StarterContent/Materials/M_Concrete_Panels.uasset
[2019.09.15-18.53.50:921][972]SourceControl:  create mode 100644 Content/StarterContent/Materials/M_Concrete_Poured.uasset
[2019.09.15-18.53.50:921][972]SourceControl:  create mode 100644 Content/StarterContent/Materials/M_Concrete_Tiles.uasset
[2019.09.15-18.53.50:921][972]SourceControl:  create mode 100644 Content/StarterContent/Materials/M_Glass.uasset
[2019.09.15-18.53.50:921][972]SourceControl:  create mode 100644 Content/StarterContent/Materials/M_Ground_Grass.uasset
[2019.09.15-18.53.50:921][972]SourceControl:  create mode 100644 Content/StarterContent/Materials/M_Ground_Gravel.uasset
[2019.09.15-18.53.50:921][972]SourceControl:  create mode 100644 Content/StarterContent/Materials/M_Ground_Moss.uasset
[2019.09.15-18.53.50:921][972]SourceControl:  create mode 100644 Content/StarterContent/Materials/M_Metal_Brushed_Nickel.uasset
[2019.09.15-18.53.50:921][972]SourceControl:  create mode 100644 Content/StarterContent/Materials/M_Metal_Burnished_Steel.uasset
[2019.09.15-18.53.50:921][972]SourceControl:  create mode 100644 Content/StarterContent/Materials/M_Metal_Chrome.uasset
[2019.09.15-18.53.50:921][972]SourceControl:  create mode 100644 Content/StarterContent/Materials/M_Metal_Copper.uasset
[2019.09.15-18.53.50:921][972]SourceControl:  create mode 100644 Content/StarterContent/Materials/M_Metal_Gold.uasset
[2019.09.15-18.53.50:921][972]SourceControl:  create mode 100644 Content/StarterContent/Materials/M_Metal_Rust.uasset
[2019.09.15-18.53.50:921][972]SourceControl:  create mode 100644 Content/StarterContent/Materials/M_Metal_Steel.uasset
[2019.09.15-18.53.50:921][972]SourceControl:  create mode 100644 Content/StarterContent/Materials/M_Rock_Basalt.uasset
[2019.09.15-18.53.50:921][972]SourceControl:  create mode 100644 Content/StarterContent/Materials/M_Rock_Marble_Polished.uasset
[2019.09.15-18.53.50:921][972]SourceControl:  create mode 100644 Content/StarterContent/Materials/M_Rock_Sandstone.uasset
[2019.09.15-18.53.50:921][972]SourceControl:  create mode 100644 Content/StarterContent/Materials/M_Rock_Slate.uasset
[2019.09.15-18.53.50:921][972]SourceControl:  create mode 100644 Content/StarterContent/Materials/M_Tech_Checker_Dot.uasset
[2019.09.15-18.53.50:921][972]SourceControl:  create mode 100644 Content/StarterContent/Materials/M_Tech_Hex_Tile.uasset
[2019.09.15-18.53.50:921][972]SourceControl:  create mode 100644 Content/StarterContent/Materials/M_Tech_Hex_Tile_Pulse.uasset
[2019.09.15-18.53.50:921][972]SourceControl:  create mode 100644 Content/StarterContent/Materials/M_Tech_Panel.uasset
[2019.09.15-18.53.50:921][972]SourceControl:  create mode 100644 Content/StarterContent/Materials/M_Water_Lake.uasset
[2019.09.15-18.53.50:921][972]SourceControl:  create mode 100644 Content/StarterContent/Materials/M_Water_Ocean.uasset
[2019.09.15-18.53.50:921][972]SourceControl:  create mode 100644 Content/StarterContent/Materials/M_Wood_Floor_Walnut_Polished.uasset
[2019.09.15-18.53.50:921][972]SourceControl:  create mode 100644 Content/StarterContent/Materials/M_Wood_Floor_Walnut_Worn.uasset
[2019.09.15-18.53.50:921][972]SourceControl:  create mode 100644 Content/StarterContent/Materials/M_Wood_Oak.uasset
[2019.09.15-18.53.50:921][972]SourceControl:  create mode 100644 Content/StarterContent/Materials/M_Wood_Pine.uasset
[2019.09.15-18.53.50:921][972]SourceControl:  create mode 100644 Content/StarterContent/Materials/M_Wood_Walnut.uasset
[2019.09.15-18.53.50:921][972]SourceControl:  create mode 100644 Content/StarterContent/Particles/Materials/M_Burst.uasset
[2019.09.15-18.53.50:921][972]SourceControl:  create mode 100644 Content/StarterContent/Particles/Materials/M_Dust_Particle.uasset
[2019.09.15-18.53.50:921][972]SourceControl:  create mode 100644 Content/StarterContent/Particles/Materials/M_Fire_SubUV.uasset
[2019.09.15-18.53.50:921][972]SourceControl:  create mode 100644 Content/StarterContent/Particles/Materials/M_Heat_Distortion.uasset
[2019.09.15-18.53.50:921][972]SourceControl:  create mode 100644 Content/StarterContent/Particles/Materials/M_Radial_Gradient.uasset
[2019.09.15-18.53.50:921][972]SourceControl:  create mode 100644 Content/StarterContent/Particles/Materials/M_Spark.uasset
[2019.09.15-18.53.50:921][972]SourceControl:  create mode 100644 Content/StarterContent/Particles/Materials/M_explosion_subUV.uasset
[2019.09.15-18.53.50:921][972]SourceControl:  create mode 100644 Content/StarterContent/Particles/Materials/M_radial_ramp.uasset
[2019.09.15-18.53.50:921][972]SourceControl:  create mode 100644 Content/StarterContent/Particles/Materials/M_smoke_subUV.uasset
[2019.09.15-18.53.50:921][972]SourceControl:  create mode 100644 Content/StarterContent/Particles/Materials/m_flare_01.uasset
[2019.09.15-18.53.50:921][972]SourceControl:  create mode 100644 Content/StarterContent/Particles/P_Ambient_Dust.uasset
[2019.09.15-18.53.50:921][972]SourceControl:  create mode 100644 Content/StarterContent/Particles/P_Explosion.uasset
[2019.09.15-18.53.50:921][972]SourceControl:  create mode 100644 Content/StarterContent/Particles/P_Fire.uasset
[2019.09.15-18.53.50:921][972]SourceControl:  create mode 100644 Content/StarterContent/Particles/P_Smoke.uasset
[2019.09.15-18.53.50:921][972]SourceControl:  create mode 100644 Content/StarterContent/Particles/P_Sparks.uasset
[2019.09.15-18.53.50:921][972]SourceControl:  create mode 100644 Content/StarterContent/Particles/P_Steam_Lit.uasset
[2019.09.15-18.53.50:921][972]SourceControl:  create mode 100644 Content/StarterContent/Props/MaterialSphere.uasset
[2019.09.15-18.53.50:921][972]SourceControl:  create mode 100644 Content/StarterContent/Props/Materials/M_Bush.uasset
[2019.09.15-18.53.50:921][972]SourceControl:  create mode 100644 Content/StarterContent/Props/Materials/M_Chair.uasset
[2019.09.15-18.53.50:921][972]SourceControl:  create mode 100644 Content/StarterContent/Props/Materials/M_Door.uasset
[2019.09.15-18.53.50:921][972]SourceControl:  create mode 100644 Content/StarterContent/Props/Materials/M_Frame.uasset
[2019.09.15-18.53.50:921][972]SourceControl:  create mode 100644 Content/StarterContent/Props/Materials/M_Lamp.uasset
[2019.09.15-18.53.50:922][972]SourceControl:  create mode 100644 Content/StarterContent/Props/Materials/M_MaterialSphere.uasset
[2019.09.15-18.53.50:922][972]SourceControl:  create mode 100644 Content/StarterContent/Props/Materials/M_MaterialSphere_Plain.uasset
[2019.09.15-18.53.50:922][972]SourceControl:  create mode 100644 Content/StarterContent/Props/Materials/M_Rock.uasset
[2019.09.15-18.53.50:922][972]SourceControl:  create mode 100644 Content/StarterContent/Props/Materials/M_Shelf.uasset
[2019.09.15-18.53.50:922][972]SourceControl:  create mode 100644 Content/StarterContent/Props/Materials/M_Statue.uasset
[2019.09.15-18.53.50:922][972]SourceControl:  create mode 100644 Content/StarterContent/Props/Materials/M_StatueGlass.uasset
[2019.09.15-18.53.50:922][972]SourceControl:  create mode 100644 Content/StarterContent/Props/Materials/M_TableRound.uasset
[2019.09.15-18.53.50:922][972]SourceControl:  create mode 100644 Content/StarterContent/Props/SM_Bush.uasset
[2019.09.15-18.53.50:922][972]SourceControl:  create mode 100644 Content/StarterContent/Props/SM_Chair.uasset
[2019.09.15-18.53.50:922][972]SourceControl:  create mode 100644 Content/StarterContent/Props/SM_CornerFrame.uasset
[2019.09.15-18.53.50:922][972]SourceControl:  create mode 100644 Content/StarterContent/Props/SM_Couch.uasset
[2019.09.15-18.53.50:922][972]SourceControl:  create mode 100644 Content/StarterContent/Props/SM_Door.uasset
[2019.09.15-18.53.50:922][972]SourceControl:  create mode 100644 Content/StarterContent/Props/SM_DoorFrame.uasset
[2019.09.15-18.53.50:922][972]SourceControl:  create mode 100644 Content/StarterContent/Props/SM_GlassWindow.uasset
[2019.09.15-18.53.50:922][972]SourceControl:  create mode 100644 Content/StarterContent/Props/SM_Lamp_Ceiling.uasset
[2019.09.15-18.53.50:922][972]SourceControl:  create mode 100644 Content/StarterContent/Props/SM_Lamp_Wall.uasset
[2019.09.15-18.53.50:922][972]SourceControl:  create mode 100644 Content/StarterContent/Props/SM_MatPreviewMesh_02.uasset
[2019.09.15-18.53.50:922][972]SourceControl:  create mode 100644 Content/StarterContent/Props/SM_PillarFrame.uasset
[2019.09.15-18.53.50:922][972]SourceControl:  create mode 100644 Content/StarterContent/Props/SM_PillarFrame300.uasset
[2019.09.15-18.53.50:922][972]SourceControl:  create mode 100644 Content/StarterContent/Props/SM_Rock.uasset
[2019.09.15-18.53.50:922][972]SourceControl:  create mode 100644 Content/StarterContent/Props/SM_Shelf.uasset
[2019.09.15-18.53.50:922][972]SourceControl:  create mode 100644 Content/StarterContent/Props/SM_Stairs.uasset
[2019.09.15-18.53.50:922][972]SourceControl:  create mode 100644 Content/StarterContent/Props/SM_Statue.uasset
[2019.09.15-18.53.50:922][972]SourceControl:  create mode 100644 Content/StarterContent/Props/SM_TableRound.uasset
[2019.09.15-18.53.50:922][972]SourceControl:  create mode 100644 Content/StarterContent/Props/SM_WindowFrame.uasset
[2019.09.15-18.53.50:922][972]SourceControl:  create mode 100644 Content/StarterContent/Shapes/Shape_Cone.uasset
[2019.09.15-18.53.50:922][972]SourceControl:  create mode 100644 Content/StarterContent/Shapes/Shape_Cube.uasset
[2019.09.15-18.53.50:922][972]SourceControl:  create mode 100644 Content/StarterContent/Shapes/Shape_Cylinder.uasset
[2019.09.15-18.53.50:922][972]SourceControl:  create mode 100644 Content/StarterContent/Shapes/Shape_NarrowCapsule.uasset
[2019.09.15-18.53.50:922][972]SourceControl:  create mode 100644 Content/StarterContent/Shapes/Shape_Pipe.uasset
[2019.09.15-18.53.50:922][972]SourceControl:  create mode 100644 Content/StarterContent/Shapes/Shape_Pipe_180.uasset
[2019.09.15-18.53.50:922][972]SourceControl:  create mode 100644 Content/StarterContent/Shapes/Shape_Pipe_90.uasset
[2019.09.15-18.53.50:922][972]SourceControl:  create mode 100644 Content/StarterContent/Shapes/Shape_Plane.uasset
[2019.09.15-18.53.50:922][972]SourceControl:  create mode 100644 Content/StarterContent/Shapes/Shape_QuadPyramid.uasset
[2019.09.15-18.53.50:922][972]SourceControl:  create mode 100644 Content/StarterContent/Shapes/Shape_Sphere.uasset
[2019.09.15-18.53.50:922][972]SourceControl:  create mode 100644 Content/StarterContent/Shapes/Shape_Torus.uasset
[2019.09.15-18.53.50:922][972]SourceControl:  create mode 100644 Content/StarterContent/Shapes/Shape_TriPyramid.uasset
[2019.09.15-18.53.50:922][972]SourceControl:  create mode 100644 Content/StarterContent/Shapes/Shape_Trim.uasset
[2019.09.15-18.53.50:922][972]SourceControl:  create mode 100644 Content/StarterContent/Shapes/Shape_Trim_90_In.uasset
[2019.09.15-18.53.50:922][972]SourceControl:  create mode 100644 Content/StarterContent/Shapes/Shape_Trim_90_Out.uasset
[2019.09.15-18.53.50:922][972]SourceControl:  create mode 100644 Content/StarterContent/Shapes/Shape_Tube.uasset
[2019.09.15-18.53.50:922][972]SourceControl:  create mode 100644 Content/StarterContent/Shapes/Shape_Wedge_A.uasset
[2019.09.15-18.53.50:922][972]SourceControl:  create mode 100644 Content/StarterContent/Shapes/Shape_Wedge_B.uasset
[2019.09.15-18.53.50:922][972]SourceControl:  create mode 100644 Content/StarterContent/Shapes/Shape_WideCapsule.uasset
[2019.09.15-18.53.50:922][972]SourceControl:  create mode 100644 Content/StarterContent/Textures/T_Brick_Clay_Beveled_D.uasset
[2019.09.15-18.53.50:922][972]SourceControl:  create mode 100644 Content/StarterContent/Textures/T_Brick_Clay_Beveled_M.uasset
[2019.09.15-18.53.50:922][972]SourceControl:  create mode 100644 Content/StarterContent/Textures/T_Brick_Clay_Beveled_N.uasset
[2019.09.15-18.53.50:922][972]SourceControl:  create mode 100644 Content/StarterContent/Textures/T_Brick_Clay_New_D.uasset
[2019.09.15-18.53.50:922][972]SourceControl:  create mode 100644 Content/StarterContent/Textures/T_Brick_Clay_New_M.uasset
[2019.09.15-18.53.50:922][972]SourceControl:  create mode 100644 Content/StarterContent/Textures/T_Brick_Clay_New_N.uasset
[2019.09.15-18.53.50:922][972]SourceControl:  create mode 100644 Content/StarterContent/Textures/T_Brick_Clay_Old_D.uasset
[2019.09.15-18.53.50:922][972]SourceControl:  create mode 100644 Content/StarterContent/Textures/T_Brick_Clay_Old_N.uasset
[2019.09.15-18.53.50:922][972]SourceControl:  create mode 100644 Content/StarterContent/Textures/T_Brick_Cut_Stone_D.uasset
[2019.09.15-18.53.50:922][972]SourceControl:  create mode 100644 Content/StarterContent/Textures/T_Brick_Cut_Stone_N.uasset
[2019.09.15-18.53.50:922][972]SourceControl:  create mode 100644 Content/StarterContent/Textures/T_Brick_Hewn_Stone_D.uasset
[2019.09.15-18.53.50:922][972]SourceControl:  create mode 100644 Content/StarterContent/Textures/T_Brick_Hewn_Stone_M.uasset
[2019.09.15-18.53.50:922][972]SourceControl:  create mode 100644 Content/StarterContent/Textures/T_Brick_Hewn_Stone_N.uasset
[2019.09.15-18.53.50:922][972]SourceControl:  create mode 100644 Content/StarterContent/Textures/T_Burst_M.uasset
[2019.09.15-18.53.50:922][972]SourceControl:  create mode 100644 Content/StarterContent/Textures/T_Bush_D.uasset
[2019.09.15-18.53.50:922][972]SourceControl:  create mode 100644 Content/StarterContent/Textures/T_Bush_N.uasset
[2019.09.15-18.53.50:922][972]SourceControl:  create mode 100644 Content/StarterContent/Textures/T_Ceramic_Tile_M.uasset
[2019.09.15-18.53.50:922][972]SourceControl:  create mode 100644 Content/StarterContent/Textures/T_Ceramic_Tile_N.uasset
[2019.09.15-18.53.50:922][972]SourceControl:  create mode 100644 Content/StarterContent/Textures/T_Chair_M.uasset
[2019.09.15-18.53.50:923][972]SourceControl:  create mode 100644 Content/StarterContent/Textures/T_Chair_N.uasset
[2019.09.15-18.53.50:923][972]SourceControl:  create mode 100644 Content/StarterContent/Textures/T_Checker_Noise_M.uasset
[2019.09.15-18.53.50:923][972]SourceControl:  create mode 100644 Content/StarterContent/Textures/T_CobbleStone_Pebble_D.uasset
[2019.09.15-18.53.50:923][972]SourceControl:  create mode 100644 Content/StarterContent/Textures/T_CobbleStone_Pebble_M.uasset
[2019.09.15-18.53.50:923][972]SourceControl:  create mode 100644 Content/StarterContent/Textures/T_CobbleStone_Pebble_N.uasset
[2019.09.15-18.53.50:923][972]SourceControl:  create mode 100644 Content/StarterContent/Textures/T_CobbleStone_Rough_D.uasset
[2019.09.15-18.53.50:923][972]SourceControl:  create mode 100644 Content/StarterContent/Textures/T_CobbleStone_Rough_N.uasset
[2019.09.15-18.53.50:923][972]SourceControl:  create mode 100644 Content/StarterContent/Textures/T_CobbleStone_Smooth_D.uasset
[2019.09.15-18.53.50:923][972]SourceControl:  create mode 100644 Content/StarterContent/Textures/T_CobbleStone_Smooth_M.uasset
[2019.09.15-18.53.50:923][972]SourceControl:  create mode 100644 Content/StarterContent/Textures/T_CobbleStone_Smooth_N.uasset
[2019.09.15-18.53.50:923][972]SourceControl:  create mode 100644 Content/StarterContent/Textures/T_Concrete_Grime_D.uasset
[2019.09.15-18.53.50:923][972]SourceControl:  create mode 100644 Content/StarterContent/Textures/T_Concrete_Panels_D.uasset
[2019.09.15-18.53.50:923][972]SourceControl:  create mode 100644 Content/StarterContent/Textures/T_Concrete_Panels_N.uasset
[2019.09.15-18.53.50:923][972]SourceControl:  create mode 100644 Content/StarterContent/Textures/T_Concrete_Poured_D.uasset
[2019.09.15-18.53.50:923][972]SourceControl:  create mode 100644 Content/StarterContent/Textures/T_Concrete_Poured_N.uasset
[2019.09.15-18.53.50:923][972]SourceControl:  create mode 100644 Content/StarterContent/Textures/T_Concrete_Tiles_D.uasset
[2019.09.15-18.53.50:923][972]SourceControl:  create mode 100644 Content/StarterContent/Textures/T_Concrete_Tiles_M.uasset
[2019.09.15-18.53.50:923][972]SourceControl:  create mode 100644 Content/StarterContent/Textures/T_Concrete_Tiles_N.uasset
[2019.09.15-18.53.50:923][972]SourceControl:  create mode 100644 Content/StarterContent/Textures/T_Concrete_Tiles_Variation_M.uasset
[2019.09.15-18.53.50:923][972]SourceControl:  create mode 100644 Content/StarterContent/Textures/T_Detail_Rocky_N.uasset
[2019.09.15-18.53.50:923][972]SourceControl:  create mode 100644 Content/StarterContent/Textures/T_Door_M.uasset
[2019.09.15-18.53.50:923][972]SourceControl:  create mode 100644 Content/StarterContent/Textures/T_Door_N.uasset
[2019.09.15-18.53.50:923][972]SourceControl:  create mode 100644 Content/StarterContent/Textures/T_Dust_Particle_D.uasset
[2019.09.15-18.53.50:923][972]SourceControl:  create mode 100644 Content/StarterContent/Textures/T_Explosion_SubUV.uasset
[2019.09.15-18.53.50:923][972]SourceControl:  create mode 100644 Content/StarterContent/Textures/T_Fire_SubUV.uasset
[2019.09.15-18.53.50:923][972]SourceControl:  create mode 100644 Content/StarterContent/Textures/T_Fire_Tiled_D.uasset
[2019.09.15-18.53.50:923][972]SourceControl:  create mode 100644 Content/StarterContent/Textures/T_Frame_M.uasset
[2019.09.15-18.53.50:923][972]SourceControl:  create mode 100644 Content/StarterContent/Textures/T_Frame_N.uasset
[2019.09.15-18.53.50:923][972]SourceControl:  create mode 100644 Content/StarterContent/Textures/T_Gradinet_01.uasset
[2019.09.15-18.53.50:923][972]SourceControl:  create mode 100644 Content/StarterContent/Textures/T_Ground_Grass_D.uasset
[2019.09.15-18.53.50:923][972]SourceControl:  create mode 100644 Content/StarterContent/Textures/T_Ground_Grass_N.uasset
[2019.09.15-18.53.50:923][972]SourceControl:  create mode 100644 Content/StarterContent/Textures/T_Ground_Gravel_D.uasset
[2019.09.15-18.53.50:923][972]SourceControl:  create mode 100644 Content/StarterContent/Textures/T_Ground_Gravel_N.uasset
[2019.09.15-18.53.50:923][972]SourceControl:  create mode 100644 Content/StarterContent/Textures/T_Ground_Moss_N.uasset
[2019.09.15-18.53.50:923][972]SourceControl:  create mode 100644 Content/StarterContent/Textures/T_Lamp_M.uasset
[2019.09.15-18.53.50:923][972]SourceControl:  create mode 100644 Content/StarterContent/Textures/T_Lamp_N.uasset
[2019.09.15-18.53.50:923][972]SourceControl:  create mode 100644 Content/StarterContent/Textures/T_MacroVariation.uasset
[2019.09.15-18.53.50:923][972]SourceControl:  create mode 100644 Content/StarterContent/Textures/T_Metal_Aluminum_D.uasset
[2019.09.15-18.53.50:923][972]SourceControl:  create mode 100644 Content/StarterContent/Textures/T_Metal_Copper_D.uasset
[2019.09.15-18.53.50:923][972]SourceControl:  create mode 100644 Content/StarterContent/Textures/T_Metal_Gold_D.uasset
[2019.09.15-18.53.50:923][972]SourceControl:  create mode 100644 Content/StarterContent/Textures/T_Metal_Gold_N.uasset
[2019.09.15-18.53.50:923][972]SourceControl:  create mode 100644 Content/StarterContent/Textures/T_Metal_Rust_D.uasset
[2019.09.15-18.53.50:923][972]SourceControl:  create mode 100644 Content/StarterContent/Textures/T_Metal_Rust_N.uasset
[2019.09.15-18.53.50:923][972]SourceControl:  create mode 100644 Content/StarterContent/Textures/T_Metal_Steel_D.uasset
[2019.09.15-18.53.50:923][972]SourceControl:  create mode 100644 Content/StarterContent/Textures/T_Metal_Steel_N.uasset
[2019.09.15-18.53.50:923][972]SourceControl:  create mode 100644 Content/StarterContent/Textures/T_Perlin_Noise_M.uasset
[2019.09.15-18.53.50:923][972]SourceControl:  create mode 100644 Content/StarterContent/Textures/T_RockMesh_M.uasset
[2019.09.15-18.53.50:923][972]SourceControl:  create mode 100644 Content/StarterContent/Textures/T_RockMesh_N.uasset
[2019.09.15-18.53.50:923][972]SourceControl:  create mode 100644 Content/StarterContent/Textures/T_Rock_Basalt_D.uasset
[2019.09.15-18.53.50:923][972]SourceControl:  create mode 100644 Content/StarterContent/Textures/T_Rock_Basalt_N.uasset
[2019.09.15-18.53.50:923][972]SourceControl:  create mode 100644 Content/StarterContent/Textures/T_Rock_Marble_Polished_D.uasset
[2019.09.15-18.53.50:923][972]SourceControl:  create mode 100644 Content/StarterContent/Textures/T_Rock_Sandstone_D.uasset
[2019.09.15-18.53.50:923][972]SourceControl:  create mode 100644 Content/StarterContent/Textures/T_Rock_Sandstone_N.uasset
[2019.09.15-18.53.50:923][972]SourceControl:  create mode 100644 Content/StarterContent/Textures/T_Rock_Slate_D.uasset
[2019.09.15-18.53.50:923][972]SourceControl:  create mode 100644 Content/StarterContent/Textures/T_Rock_Slate_N.uasset
[2019.09.15-18.53.50:923][972]SourceControl:  create mode 100644 Content/StarterContent/Textures/T_Rock_Smooth_Granite_D.uasset
[2019.09.15-18.53.50:923][972]SourceControl:  create mode 100644 Content/StarterContent/Textures/T_Shelf_M.uasset
[2019.09.15-18.53.50:923][972]SourceControl:  create mode 100644 Content/StarterContent/Textures/T_Shelf_N.uasset
[2019.09.15-18.53.50:923][972]SourceControl:  create mode 100644 Content/StarterContent/Textures/T_Single_Tile_N.uasset
[2019.09.15-18.53.50:923][972]SourceControl:  create mode 100644 Content/StarterContent/Textures/T_Smoke_SubUV.uasset
[2019.09.15-18.53.50:923][972]SourceControl:  create mode 100644 Content/StarterContent/Textures/T_Smoke_Tiled_D.uasset
[2019.09.15-18.53.50:923][972]SourceControl:  create mode 100644 Content/StarterContent/Textures/T_Spark_Core.uasset
[2019.09.15-18.53.50:923][972]SourceControl:  create mode 100644 Content/StarterContent/Textures/T_Statue_M.uasset
[2019.09.15-18.53.50:923][972]SourceControl:  create mode 100644 Content/StarterContent/Textures/T_Statue_N.uasset
[2019.09.15-18.53.50:923][972]SourceControl:  create mode 100644 Content/StarterContent/Textures/T_TableRound_M.uasset
[2019.09.15-18.53.50:923][972]SourceControl:  create mode 100644 Content/StarterContent/Textures/T_TableRound_N.uasset
[2019.09.15-18.53.50:923][972]SourceControl:  create mode 100644 Content/StarterContent/Textures/T_Tech_Dot_M.uasset
[2019.09.15-18.53.50:924][972]SourceControl:  create mode 100644 Content/StarterContent/Textures/T_Tech_Dot_N.uasset
[2019.09.15-18.53.50:924][972]SourceControl:  create mode 100644 Content/StarterContent/Textures/T_Tech_Hex_Tile_M.uasset
[2019.09.15-18.53.50:924][972]SourceControl:  create mode 100644 Content/StarterContent/Textures/T_Tech_Hex_Tile_N.uasset
[2019.09.15-18.53.50:924][972]SourceControl:  create mode 100644 Content/StarterContent/Textures/T_Tech_Panel_M.uasset
[2019.09.15-18.53.50:924][972]SourceControl:  create mode 100644 Content/StarterContent/Textures/T_Tech_Panel_N.uasset
[2019.09.15-18.53.50:924][972]SourceControl:  create mode 100644 Content/StarterContent/Textures/T_Water_M.uasset
[2019.09.15-18.53.50:924][972]SourceControl:  create mode 100644 Content/StarterContent/Textures/T_Water_N.uasset
[2019.09.15-18.53.50:924][972]SourceControl:  create mode 100644 Content/StarterContent/Textures/T_Wood_Floor_Walnut_D.uasset
[2019.09.15-18.53.50:924][972]SourceControl:  create mode 100644 Content/StarterContent/Textures/T_Wood_Floor_Walnut_M.uasset
[2019.09.15-18.53.50:924][972]SourceControl:  create mode 100644 Content/StarterContent/Textures/T_Wood_Floor_Walnut_N.uasset
[2019.09.15-18.53.50:924][972]SourceControl:  create mode 100644 Content/StarterContent/Textures/T_Wood_Oak_D.uasset
[2019.09.15-18.53.50:924][972]SourceControl:  create mode 100644 Content/StarterContent/Textures/T_Wood_Oak_N.uasset
[2019.09.15-18.53.50:924][972]SourceControl:  create mode 100644 Content/StarterContent/Textures/T_Wood_Pine_D.uasset
[2019.09.15-18.53.50:924][972]SourceControl:  create mode 100644 Content/StarterContent/Textures/T_Wood_Pine_N.uasset
[2019.09.15-18.53.50:924][972]SourceControl:  create mode 100644 Content/StarterContent/Textures/T_Wood_Walnut_D.uasset
[2019.09.15-18.53.50:924][972]SourceControl:  create mode 100644 Content/StarterContent/Textures/T_Wood_Walnut_N.uasset
[2019.09.15-18.53.50:924][972]SourceControl:  create mode 100644 Content/StarterContent/Textures/T_ground_Moss_D.uasset
[2019.09.15-18.53.50:924][972]SourceControl:  create mode 100644 README.md
[2019.09.15-18.53.50:924][972]SourceControl:  create mode 100644 WorldofLine.uproject
[2019.09.15-18.54.06:116][247]LogSlate: Window 'Source Control Login' being destroyed
[2019.09.15-19.01.31:263][763]LogDirectoryWatcher: A directory notification failed for 'C:/Users/nico5/OneDrive/Documents/Unreal Projects/WorldofLine/Content/Collections/' because it could not be accessed. Aborting watch request...
[2019.09.15-19.01.31:263][763]LogDirectoryWatcher: A directory notification failed for 'C:/Users/nico5/OneDrive/Documents/Unreal Projects/WorldofLine/Content/Developers/nico5/Collections/' because it could not be accessed. Aborting watch request...
[2019.09.15-19.01.31:596][764]LogDirectoryWatcher: A directory notification failed for 'C:/Users/nico5/OneDrive/Documents/Unreal Projects/WorldofLine/Saved/Collections/' because it could not be accessed. Aborting watch request...
[2019.09.15-19.14.31:368][ 80]LogHttp: Warning: 000001F07B70CB80: invalid HTTP response code received. URL: https://datarouter.ol.epicgames.com/datarouter/api/v1/public/data?SessionID=%7BBB686593-40D0-7049-4B23-88A4BFA23E4D%7D&AppID=UEEditor.Rocket.Release&AppVersion=4.23.0-8386587%2B%2B%2BUE4%2BRelease-4.23&UserID=f426dbcd4e339336f3a7e586b5be5988%7C493fad722ccb4cae8e4f83af00cde8b5%7C7f2bbd9b-4f12-43c0-a6f6-cc3541e4af2b&AppEnvironment=datacollector-binary&UploadType=eteventstream, HTTP code: 0, content length: -1, actual payload size: 0
[2019.09.15-19.14.31:368][ 80]LogHttp: Warning: 000001F07B70CB80: request failed, libcurl error: 0 (No error)
[2019.09.15-19.14.31:368][ 80]LogHttp: Warning: 000001F07B70CB80: libcurl info message cache 0 (Found bundle for host datarouter.ol.epicgames.com: 0x1f054e2ff70 [can pipeline])
[2019.09.15-19.14.31:368][ 80]LogHttp: Warning: 000001F07B70CB80: libcurl info message cache 1 (Re-using existing connection! (#11) with host datarouter.ol.epicgames.com)
[2019.09.15-19.14.31:369][ 80]LogHttp: Warning: 000001F07B70CB80: libcurl info message cache 2 (Connected to datarouter.ol.epicgames.com (52.71.135.85) port 443 (#11))
[2019.09.15-19.14.31:369][ 80]LogHttp: Warning: 000001F07B70CB80: libcurl info message cache 3 (We are completely uploaded and fine)
[2019.09.15-19.14.31:369][ 80]LogHttp: Warning: 000001F07B70CB80: libcurl info message cache 4 (TLSv1.2 (IN), TLS alert, Client hello (1):)
[2019.09.15-19.14.31:369][ 80]LogHttp: Warning: 000001F07B70CB80: libcurl info message cache 5 (Connection died, retrying a fresh connect)
[2019.09.15-19.14.31:369][ 80]LogHttp: Warning: 000001F07B70CB80: libcurl info message cache 6 (necessary data rewind wasn't possible)
[2019.09.15-19.14.31:369][ 80]LogHttp: Warning: 000001F07B70CB80: libcurl info message cache 7 (Closing connection 11)
[2019.09.15-19.14.31:369][ 80]LogHttp: Warning: 000001F07B70CB80: libcurl info message cache 8 (TLSv1.2 (OUT), TLS alert, Client hello (1):)
[2019.09.15-19.14.31:369][ 80]LogHttp: Warning: Retry exhausted on https://datarouter.ol.epicgames.com/datarouter/api/v1/public/data?SessionID=%7BBB686593-40D0-7049-4B23-88A4BFA23E4D%7D&AppID=UEEditor.Rocket.Release&AppVersion=4.23.0-8386587%2B%2B%2BUE4%2BRelease-4.23&UserID=f426dbcd4e339336f3a7e586b5be5988%7C493fad722ccb4cae8e4f83af00cde8b5%7C7f2bbd9b-4f12-43c0-a6f6-cc3541e4af2b&AppEnvironment=datacollector-binary&UploadType=eteventstream
